{"C:\\Users\\Usuario\\Documents\\Proyectos\\PlataformaProyectosAula\\client\\src\\api\\authApi.js": {"path":"C:\\Users\\Usuario\\Documents\\Proyectos\\PlataformaProyectosAula\\client\\src\\api\\authApi.js","statementMap":{"0":{"start":{"line":4,"column":16},"end":{"line":4,"column":61}},"1":{"start":{"line":7,"column":24},"end":{"line":15,"column":1}},"2":{"start":{"line":8,"column":4},"end":{"line":14,"column":5}},"3":{"start":{"line":9,"column":25},"end":{"line":9,"column":69}},"4":{"start":{"line":10,"column":8},"end":{"line":10,"column":29}},"5":{"start":{"line":12,"column":8},"end":{"line":12,"column":61}},"6":{"start":{"line":13,"column":8},"end":{"line":13,"column":20}},"7":{"start":{"line":17,"column":21},"end":{"line":25,"column":1}},"8":{"start":{"line":18,"column":4},"end":{"line":24,"column":5}},"9":{"start":{"line":19,"column":25},"end":{"line":19,"column":70}},"10":{"start":{"line":20,"column":8},"end":{"line":20,"column":35}},"11":{"start":{"line":21,"column":8},"end":{"line":21,"column":29}},"12":{"start":{"line":23,"column":8},"end":{"line":23,"column":20}},"13":{"start":{"line":27,"column":22},"end":{"line":48,"column":1}},"14":{"start":{"line":28,"column":4},"end":{"line":37,"column":6}},"15":{"start":{"line":30,"column":12},"end":{"line":30,"column":88}},"16":{"start":{"line":31,"column":12},"end":{"line":31,"column":26}},"17":{"start":{"line":35,"column":12},"end":{"line":35,"column":41}},"18":{"start":{"line":39,"column":4},"end":{"line":47,"column":5}},"19":{"start":{"line":40,"column":25},"end":{"line":40,"column":61}},"20":{"start":{"line":41,"column":8},"end":{"line":41,"column":41}},"21":{"start":{"line":42,"column":8},"end":{"line":42,"column":40}},"22":{"start":{"line":43,"column":8},"end":{"line":43,"column":42}},"23":{"start":{"line":44,"column":8},"end":{"line":44,"column":31}},"24":{"start":{"line":46,"column":8},"end":{"line":46,"column":20}}},"fnMap":{"0":{"name":"(anonymous_0)","decl":{"start":{"line":7,"column":24},"end":{"line":7,"column":25}},"loc":{"start":{"line":7,"column":43},"end":{"line":15,"column":1}},"line":7},"1":{"name":"(anonymous_1)","decl":{"start":{"line":17,"column":21},"end":{"line":17,"column":22}},"loc":{"start":{"line":17,"column":39},"end":{"line":25,"column":1}},"line":17},"2":{"name":"(anonymous_2)","decl":{"start":{"line":27,"column":22},"end":{"line":27,"column":23}},"loc":{"start":{"line":27,"column":32},"end":{"line":48,"column":1}},"line":27},"3":{"name":"(anonymous_3)","decl":{"start":{"line":29,"column":8},"end":{"line":29,"column":9}},"loc":{"start":{"line":29,"column":20},"end":{"line":32,"column":9}},"line":29},"4":{"name":"(anonymous_4)","decl":{"start":{"line":34,"column":8},"end":{"line":34,"column":9}},"loc":{"start":{"line":34,"column":19},"end":{"line":36,"column":9}},"line":34}},"branchMap":{},"s":{"0":7,"1":7,"2":0,"3":0,"4":0,"5":0,"6":0,"7":7,"8":0,"9":0,"10":0,"11":0,"12":0,"13":7,"14":0,"15":0,"16":0,"17":0,"18":0,"19":0,"20":0,"21":0,"22":0,"23":0,"24":0},"f":{"0":0,"1":0,"2":0,"3":0,"4":0},"b":{},"_coverageSchema":"1a1c01bbd47fc00a2c39e90264f33305004495a9","hash":"b4762cfb0a67243fd26bd287ddd246aba202cc4d"}
,"C:\\Users\\Usuario\\Documents\\Proyectos\\PlataformaProyectosAula\\client\\src\\api\\careersApi.js": {"path":"C:\\Users\\Usuario\\Documents\\Proyectos\\PlataformaProyectosAula\\client\\src\\api\\careersApi.js","statementMap":{"0":{"start":{"line":5,"column":16},"end":{"line":5,"column":61}},"1":{"start":{"line":8,"column":0},"end":{"line":17,"column":2}},"2":{"start":{"line":10,"column":2},"end":{"line":10,"column":78}},"3":{"start":{"line":11,"column":2},"end":{"line":11,"column":16}},"4":{"start":{"line":15,"column":2},"end":{"line":15,"column":31}},"5":{"start":{"line":19,"column":26},"end":{"line":28,"column":1}},"6":{"start":{"line":20,"column":1},"end":{"line":27,"column":2}},"7":{"start":{"line":21,"column":19},"end":{"line":23,"column":4}},"8":{"start":{"line":24,"column":2},"end":{"line":24,"column":18}},"9":{"start":{"line":26,"column":2},"end":{"line":26,"column":14}},"10":{"start":{"line":30,"column":33},"end":{"line":41,"column":1}},"11":{"start":{"line":31,"column":1},"end":{"line":40,"column":2}},"12":{"start":{"line":32,"column":19},"end":{"line":36,"column":3}},"13":{"start":{"line":37,"column":2},"end":{"line":37,"column":18}},"14":{"start":{"line":39,"column":2},"end":{"line":39,"column":14}}},"fnMap":{"0":{"name":"(anonymous_0)","decl":{"start":{"line":9,"column":1},"end":{"line":9,"column":2}},"loc":{"start":{"line":9,"column":13},"end":{"line":12,"column":2}},"line":9},"1":{"name":"(anonymous_1)","decl":{"start":{"line":14,"column":1},"end":{"line":14,"column":2}},"loc":{"start":{"line":14,"column":12},"end":{"line":16,"column":2}},"line":14},"2":{"name":"(anonymous_2)","decl":{"start":{"line":19,"column":26},"end":{"line":19,"column":27}},"loc":{"start":{"line":19,"column":38},"end":{"line":28,"column":1}},"line":19},"3":{"name":"(anonymous_3)","decl":{"start":{"line":30,"column":33},"end":{"line":30,"column":34}},"loc":{"start":{"line":30,"column":47},"end":{"line":41,"column":1}},"line":30}},"branchMap":{},"s":{"0":1,"1":1,"2":0,"3":0,"4":0,"5":1,"6":0,"7":0,"8":0,"9":0,"10":1,"11":6,"12":6,"13":6,"14":0},"f":{"0":0,"1":0,"2":0,"3":6},"b":{},"_coverageSchema":"1a1c01bbd47fc00a2c39e90264f33305004495a9","hash":"07a6a20eb0cb6df05a6ee7c519b66650f0d03658"}
,"C:\\Users\\Usuario\\Documents\\Proyectos\\PlataformaProyectosAula\\client\\src\\api\\profileApi.js": {"path":"C:\\Users\\Usuario\\Documents\\Proyectos\\PlataformaProyectosAula\\client\\src\\api\\profileApi.js","statementMap":{"0":{"start":{"line":4,"column":16},"end":{"line":4,"column":61}},"1":{"start":{"line":7,"column":0},"end":{"line":16,"column":2}},"2":{"start":{"line":9,"column":2},"end":{"line":9,"column":78}},"3":{"start":{"line":10,"column":2},"end":{"line":10,"column":16}},"4":{"start":{"line":14,"column":2},"end":{"line":14,"column":31}},"5":{"start":{"line":18,"column":21},"end":{"line":34,"column":1}},"6":{"start":{"line":36,"column":22},"end":{"line":47,"column":1}}},"fnMap":{"0":{"name":"(anonymous_0)","decl":{"start":{"line":8,"column":1},"end":{"line":8,"column":2}},"loc":{"start":{"line":8,"column":13},"end":{"line":11,"column":2}},"line":8},"1":{"name":"(anonymous_1)","decl":{"start":{"line":13,"column":1},"end":{"line":13,"column":2}},"loc":{"start":{"line":13,"column":12},"end":{"line":15,"column":2}},"line":13},"2":{"name":"(anonymous_2)","decl":{"start":{"line":18,"column":21},"end":{"line":18,"column":22}},"loc":{"start":{"line":18,"column":39},"end":{"line":34,"column":1}},"line":18},"3":{"name":"(anonymous_3)","decl":{"start":{"line":36,"column":22},"end":{"line":36,"column":23}},"loc":{"start":{"line":36,"column":40},"end":{"line":47,"column":1}},"line":36}},"branchMap":{},"s":{"0":1,"1":1,"2":0,"3":0,"4":0,"5":1,"6":1},"f":{"0":0,"1":0,"2":0,"3":3},"b":{},"_coverageSchema":"1a1c01bbd47fc00a2c39e90264f33305004495a9","hash":"9b5400da56f8164d6483b9bc69fc0ab24b6e991b"}
,"C:\\Users\\Usuario\\Documents\\Proyectos\\PlataformaProyectosAula\\client\\src\\api\\projectsApi.js": {"path":"C:\\Users\\Usuario\\Documents\\Proyectos\\PlataformaProyectosAula\\client\\src\\api\\projectsApi.js","statementMap":{"0":{"start":{"line":6,"column":16},"end":{"line":6,"column":61}},"1":{"start":{"line":7,"column":15},"end":{"line":7,"column":60}},"2":{"start":{"line":9,"column":0},"end":{"line":18,"column":2}},"3":{"start":{"line":11,"column":2},"end":{"line":11,"column":78}},"4":{"start":{"line":12,"column":2},"end":{"line":12,"column":16}},"5":{"start":{"line":16,"column":2},"end":{"line":16,"column":31}},"6":{"start":{"line":20,"column":29},"end":{"line":31,"column":1}},"7":{"start":{"line":21,"column":1},"end":{"line":30,"column":2}},"8":{"start":{"line":22,"column":19},"end":{"line":26,"column":3}},"9":{"start":{"line":27,"column":2},"end":{"line":27,"column":18}},"10":{"start":{"line":29,"column":2},"end":{"line":29,"column":14}},"11":{"start":{"line":33,"column":26},"end":{"line":43,"column":1}},"12":{"start":{"line":34,"column":1},"end":{"line":42,"column":2}},"13":{"start":{"line":35,"column":19},"end":{"line":38,"column":4}},"14":{"start":{"line":39,"column":2},"end":{"line":39,"column":18}},"15":{"start":{"line":41,"column":2},"end":{"line":41,"column":14}},"16":{"start":{"line":45,"column":29},"end":{"line":54,"column":1}},"17":{"start":{"line":46,"column":1},"end":{"line":53,"column":2}},"18":{"start":{"line":47,"column":19},"end":{"line":49,"column":4}},"19":{"start":{"line":50,"column":2},"end":{"line":50,"column":18}},"20":{"start":{"line":52,"column":2},"end":{"line":52,"column":14}},"21":{"start":{"line":56,"column":35},"end":{"line":65,"column":1}},"22":{"start":{"line":67,"column":30},"end":{"line":84,"column":1}},"23":{"start":{"line":68,"column":1},"end":{"line":83,"column":2}},"24":{"start":{"line":69,"column":19},"end":{"line":76,"column":3}},"25":{"start":{"line":77,"column":2},"end":{"line":79,"column":3}},"26":{"start":{"line":78,"column":3},"end":{"line":78,"column":26}},"27":{"start":{"line":80,"column":2},"end":{"line":80,"column":28}},"28":{"start":{"line":82,"column":2},"end":{"line":82,"column":14}},"29":{"start":{"line":86,"column":30},"end":{"line":98,"column":1}},"30":{"start":{"line":87,"column":1},"end":{"line":97,"column":2}},"31":{"start":{"line":88,"column":19},"end":{"line":93,"column":4}},"32":{"start":{"line":94,"column":2},"end":{"line":94,"column":28}},"33":{"start":{"line":96,"column":2},"end":{"line":96,"column":14}},"34":{"start":{"line":100,"column":16},"end":{"line":114,"column":1}},"35":{"start":{"line":101,"column":1},"end":{"line":113,"column":2}},"36":{"start":{"line":102,"column":19},"end":{"line":108,"column":4}},"37":{"start":{"line":109,"column":16},"end":{"line":109,"column":126}},"38":{"start":{"line":110,"column":2},"end":{"line":110,"column":15}},"39":{"start":{"line":112,"column":2},"end":{"line":112,"column":14}},"40":{"start":{"line":116,"column":25},"end":{"line":130,"column":1}},"41":{"start":{"line":117,"column":1},"end":{"line":129,"column":2}},"42":{"start":{"line":118,"column":19},"end":{"line":124,"column":4}},"43":{"start":{"line":125,"column":18},"end":{"line":125,"column":195}},"44":{"start":{"line":126,"column":2},"end":{"line":126,"column":19}},"45":{"start":{"line":128,"column":2},"end":{"line":128,"column":14}}},"fnMap":{"0":{"name":"(anonymous_0)","decl":{"start":{"line":10,"column":1},"end":{"line":10,"column":2}},"loc":{"start":{"line":10,"column":13},"end":{"line":13,"column":2}},"line":10},"1":{"name":"(anonymous_1)","decl":{"start":{"line":15,"column":1},"end":{"line":15,"column":2}},"loc":{"start":{"line":15,"column":12},"end":{"line":17,"column":2}},"line":15},"2":{"name":"(anonymous_2)","decl":{"start":{"line":20,"column":29},"end":{"line":20,"column":30}},"loc":{"start":{"line":20,"column":45},"end":{"line":31,"column":1}},"line":20},"3":{"name":"(anonymous_3)","decl":{"start":{"line":33,"column":26},"end":{"line":33,"column":27}},"loc":{"start":{"line":33,"column":47},"end":{"line":43,"column":1}},"line":33},"4":{"name":"(anonymous_4)","decl":{"start":{"line":45,"column":29},"end":{"line":45,"column":30}},"loc":{"start":{"line":45,"column":50},"end":{"line":54,"column":1}},"line":45},"5":{"name":"(anonymous_5)","decl":{"start":{"line":56,"column":35},"end":{"line":56,"column":36}},"loc":{"start":{"line":56,"column":47},"end":{"line":65,"column":1}},"line":56},"6":{"name":"(anonymous_6)","decl":{"start":{"line":67,"column":30},"end":{"line":67,"column":31}},"loc":{"start":{"line":67,"column":47},"end":{"line":84,"column":1}},"line":67},"7":{"name":"(anonymous_7)","decl":{"start":{"line":86,"column":30},"end":{"line":86,"column":31}},"loc":{"start":{"line":86,"column":42},"end":{"line":98,"column":1}},"line":86},"8":{"name":"(anonymous_8)","decl":{"start":{"line":100,"column":16},"end":{"line":100,"column":17}},"loc":{"start":{"line":100,"column":36},"end":{"line":114,"column":1}},"line":100},"9":{"name":"(anonymous_9)","decl":{"start":{"line":116,"column":25},"end":{"line":116,"column":26}},"loc":{"start":{"line":116,"column":40},"end":{"line":130,"column":1}},"line":116}},"branchMap":{"0":{"loc":{"start":{"line":77,"column":2},"end":{"line":79,"column":3}},"type":"if","locations":[{"start":{"line":77,"column":2},"end":{"line":79,"column":3}},{"start":{},"end":{}}],"line":77}},"s":{"0":4,"1":4,"2":4,"3":1,"4":1,"5":0,"6":4,"7":0,"8":0,"9":0,"10":0,"11":4,"12":0,"13":0,"14":0,"15":0,"16":4,"17":0,"18":0,"19":0,"20":0,"21":4,"22":4,"23":1,"24":1,"25":0,"26":0,"27":0,"28":0,"29":4,"30":0,"31":0,"32":0,"33":0,"34":4,"35":0,"36":0,"37":0,"38":0,"39":0,"40":4,"41":0,"42":0,"43":0,"44":0,"45":0},"f":{"0":1,"1":0,"2":0,"3":0,"4":0,"5":4,"6":1,"7":0,"8":0,"9":0},"b":{"0":[0,0]},"_coverageSchema":"1a1c01bbd47fc00a2c39e90264f33305004495a9","hash":"eae2d75f9eb67fc87c1fb293ee5d4019016eb8c4"}
,"C:\\Users\\Usuario\\Documents\\Proyectos\\PlataformaProyectosAula\\client\\src\\api\\usersApi.js": {"path":"C:\\Users\\Usuario\\Documents\\Proyectos\\PlataformaProyectosAula\\client\\src\\api\\usersApi.js","statementMap":{"0":{"start":{"line":5,"column":16},"end":{"line":5,"column":61}},"1":{"start":{"line":8,"column":0},"end":{"line":17,"column":2}},"2":{"start":{"line":10,"column":2},"end":{"line":10,"column":78}},"3":{"start":{"line":11,"column":2},"end":{"line":11,"column":16}},"4":{"start":{"line":15,"column":2},"end":{"line":15,"column":31}},"5":{"start":{"line":19,"column":17},"end":{"line":31,"column":1}},"6":{"start":{"line":20,"column":1},"end":{"line":30,"column":2}},"7":{"start":{"line":21,"column":19},"end":{"line":25,"column":4}},"8":{"start":{"line":26,"column":2},"end":{"line":26,"column":24}},"9":{"start":{"line":27,"column":2},"end":{"line":27,"column":23}},"10":{"start":{"line":29,"column":2},"end":{"line":29,"column":47}},"11":{"start":{"line":33,"column":20},"end":{"line":46,"column":1}},"12":{"start":{"line":34,"column":1},"end":{"line":45,"column":2}},"13":{"start":{"line":35,"column":19},"end":{"line":39,"column":3}},"14":{"start":{"line":40,"column":2},"end":{"line":40,"column":25}},"15":{"start":{"line":41,"column":2},"end":{"line":41,"column":29}},"16":{"start":{"line":42,"column":2},"end":{"line":42,"column":23}},"17":{"start":{"line":44,"column":2},"end":{"line":44,"column":23}},"18":{"start":{"line":48,"column":23},"end":{"line":55,"column":1}},"19":{"start":{"line":49,"column":1},"end":{"line":54,"column":2}},"20":{"start":{"line":50,"column":19},"end":{"line":50,"column":77}},"21":{"start":{"line":51,"column":2},"end":{"line":51,"column":18}},"22":{"start":{"line":53,"column":2},"end":{"line":53,"column":14}},"23":{"start":{"line":57,"column":21},"end":{"line":64,"column":1}},"24":{"start":{"line":58,"column":1},"end":{"line":63,"column":2}},"25":{"start":{"line":59,"column":19},"end":{"line":59,"column":77}},"26":{"start":{"line":60,"column":2},"end":{"line":60,"column":18}},"27":{"start":{"line":62,"column":2},"end":{"line":62,"column":14}}},"fnMap":{"0":{"name":"(anonymous_0)","decl":{"start":{"line":9,"column":1},"end":{"line":9,"column":2}},"loc":{"start":{"line":9,"column":13},"end":{"line":12,"column":2}},"line":9},"1":{"name":"(anonymous_1)","decl":{"start":{"line":14,"column":1},"end":{"line":14,"column":2}},"loc":{"start":{"line":14,"column":12},"end":{"line":16,"column":2}},"line":14},"2":{"name":"(anonymous_2)","decl":{"start":{"line":19,"column":17},"end":{"line":19,"column":18}},"loc":{"start":{"line":19,"column":29},"end":{"line":31,"column":1}},"line":19},"3":{"name":"(anonymous_3)","decl":{"start":{"line":33,"column":20},"end":{"line":33,"column":21}},"loc":{"start":{"line":33,"column":41},"end":{"line":46,"column":1}},"line":33},"4":{"name":"(anonymous_4)","decl":{"start":{"line":48,"column":23},"end":{"line":48,"column":24}},"loc":{"start":{"line":48,"column":41},"end":{"line":55,"column":1}},"line":48},"5":{"name":"(anonymous_5)","decl":{"start":{"line":57,"column":21},"end":{"line":57,"column":22}},"loc":{"start":{"line":57,"column":39},"end":{"line":64,"column":1}},"line":57}},"branchMap":{},"s":{"0":2,"1":2,"2":0,"3":0,"4":0,"5":2,"6":3,"7":3,"8":3,"9":3,"10":3,"11":2,"12":0,"13":0,"14":0,"15":0,"16":0,"17":0,"18":2,"19":0,"20":0,"21":0,"22":0,"23":2,"24":0,"25":0,"26":0,"27":0},"f":{"0":0,"1":0,"2":3,"3":0,"4":0,"5":0},"b":{},"_coverageSchema":"1a1c01bbd47fc00a2c39e90264f33305004495a9","hash":"19436149a86954b6c464bddbeb4346a6bb07cbac"}
,"C:\\Users\\Usuario\\Documents\\Proyectos\\PlataformaProyectosAula\\client\\src\\components\\layout\\logoutbutton\\LogOutButon.jsx": {"path":"C:\\Users\\Usuario\\Documents\\Proyectos\\PlataformaProyectosAula\\client\\src\\components\\layout\\logoutbutton\\LogOutButon.jsx","statementMap":{"0":{"start":{"line":12,"column":27},"end":{"line":61,"column":1}},"1":{"start":{"line":13,"column":24},"end":{"line":13,"column":50}},"2":{"start":{"line":15,"column":21},"end":{"line":15,"column":37}},"3":{"start":{"line":17,"column":24},"end":{"line":17,"column":50}},"4":{"start":{"line":19,"column":18},"end":{"line":19,"column":31}},"5":{"start":{"line":21,"column":22},"end":{"line":44,"column":2}},"6":{"start":{"line":22,"column":16},"end":{"line":22,"column":45}},"7":{"start":{"line":23,"column":2},"end":{"line":43,"column":3}},"8":{"start":{"line":24,"column":3},"end":{"line":26,"column":6}},"9":{"start":{"line":25,"column":4},"end":{"line":25,"column":51}},"10":{"start":{"line":28,"column":3},"end":{"line":42,"column":4}},"11":{"start":{"line":29,"column":4},"end":{"line":36,"column":7}},"12":{"start":{"line":31,"column":6},"end":{"line":31,"column":26}},"13":{"start":{"line":32,"column":6},"end":{"line":34,"column":7}},"14":{"start":{"line":33,"column":7},"end":{"line":33,"column":21}},"15":{"start":{"line":38,"column":4},"end":{"line":40,"column":7}},"16":{"start":{"line":39,"column":5},"end":{"line":39,"column":52}},"17":{"start":{"line":41,"column":4},"end":{"line":41,"column":23}},"18":{"start":{"line":46,"column":1},"end":{"line":60,"column":3}},"19":{"start":{"line":54,"column":5},"end":{"line":54,"column":20}}},"fnMap":{"0":{"name":"(anonymous_0)","decl":{"start":{"line":12,"column":27},"end":{"line":12,"column":28}},"loc":{"start":{"line":12,"column":51},"end":{"line":61,"column":1}},"line":12},"1":{"name":"(anonymous_1)","decl":{"start":{"line":21,"column":22},"end":{"line":21,"column":23}},"loc":{"start":{"line":21,"column":34},"end":{"line":44,"column":2}},"line":21},"2":{"name":"(anonymous_2)","decl":{"start":{"line":24,"column":14},"end":{"line":24,"column":15}},"loc":{"start":{"line":24,"column":28},"end":{"line":26,"column":4}},"line":24},"3":{"name":"(anonymous_3)","decl":{"start":{"line":30,"column":16},"end":{"line":30,"column":17}},"loc":{"start":{"line":30,"column":26},"end":{"line":35,"column":6}},"line":30},"4":{"name":"(anonymous_4)","decl":{"start":{"line":38,"column":15},"end":{"line":38,"column":16}},"loc":{"start":{"line":38,"column":29},"end":{"line":40,"column":5}},"line":38},"5":{"name":"(anonymous_5)","decl":{"start":{"line":53,"column":13},"end":{"line":53,"column":14}},"loc":{"start":{"line":53,"column":19},"end":{"line":55,"column":5}},"line":53}},"branchMap":{"0":{"loc":{"start":{"line":23,"column":2},"end":{"line":43,"column":3}},"type":"if","locations":[{"start":{"line":23,"column":2},"end":{"line":43,"column":3}},{"start":{"line":27,"column":9},"end":{"line":43,"column":3}}],"line":23},"1":{"loc":{"start":{"line":32,"column":6},"end":{"line":34,"column":7}},"type":"if","locations":[{"start":{"line":32,"column":6},"end":{"line":34,"column":7}},{"start":{},"end":{}}],"line":32},"2":{"loc":{"start":{"line":48,"column":4},"end":{"line":48,"column":76}},"type":"binary-expr","locations":[{"start":{"line":48,"column":4},"end":{"line":48,"column":19}},{"start":{"line":48,"column":23},"end":{"line":48,"column":76}}],"line":48}},"s":{"0":5,"1":27,"2":27,"3":27,"4":27,"5":27,"6":0,"7":0,"8":0,"9":0,"10":0,"11":0,"12":0,"13":0,"14":0,"15":0,"16":0,"17":0,"18":27,"19":0},"f":{"0":27,"1":0,"2":0,"3":0,"4":0,"5":0},"b":{"0":[0,0],"1":[0,0],"2":[27,0]},"_coverageSchema":"1a1c01bbd47fc00a2c39e90264f33305004495a9","hash":"a01779a7bcdfbf984e097cdd3d6feb2242cc3b24"}
,"C:\\Users\\Usuario\\Documents\\Proyectos\\PlataformaProyectosAula\\client\\src\\components\\layout\\nav\\AdminNav\\Nav.jsx": {"path":"C:\\Users\\Usuario\\Documents\\Proyectos\\PlataformaProyectosAula\\client\\src\\components\\layout\\nav\\AdminNav\\Nav.jsx","statementMap":{"0":{"start":{"line":12,"column":19},"end":{"line":57,"column":1}},"1":{"start":{"line":13,"column":23},"end":{"line":13,"column":38}},"2":{"start":{"line":15,"column":1},"end":{"line":56,"column":3}},"3":{"start":{"line":21,"column":19},"end":{"line":21,"column":31}}},"fnMap":{"0":{"name":"(anonymous_0)","decl":{"start":{"line":12,"column":19},"end":{"line":12,"column":20}},"loc":{"start":{"line":12,"column":25},"end":{"line":57,"column":1}},"line":12},"1":{"name":"(anonymous_1)","decl":{"start":{"line":21,"column":13},"end":{"line":21,"column":14}},"loc":{"start":{"line":21,"column":19},"end":{"line":21,"column":31}},"line":21}},"branchMap":{"0":{"loc":{"start":{"line":29,"column":15},"end":{"line":29,"column":62}},"type":"cond-expr","locations":[{"start":{"line":29,"column":21},"end":{"line":29,"column":37}},{"start":{"line":29,"column":40},"end":{"line":29,"column":62}}],"line":29}},"s":{"0":2,"1":6,"2":6,"3":0},"f":{"0":6,"1":0},"b":{"0":[0,6]},"_coverageSchema":"1a1c01bbd47fc00a2c39e90264f33305004495a9","hash":"c206d252048d56442e14362e7e9429d8c0ed00af"}
,"C:\\Users\\Usuario\\Documents\\Proyectos\\PlataformaProyectosAula\\client\\src\\components\\layout\\nav\\ProfessorNav\\Nav.jsx": {"path":"C:\\Users\\Usuario\\Documents\\Proyectos\\PlataformaProyectosAula\\client\\src\\components\\layout\\nav\\ProfessorNav\\Nav.jsx","statementMap":{"0":{"start":{"line":10,"column":19},"end":{"line":50,"column":1}},"1":{"start":{"line":11,"column":23},"end":{"line":11,"column":38}},"2":{"start":{"line":13,"column":1},"end":{"line":49,"column":3}},"3":{"start":{"line":23,"column":20},"end":{"line":23,"column":32}}},"fnMap":{"0":{"name":"(anonymous_0)","decl":{"start":{"line":10,"column":19},"end":{"line":10,"column":20}},"loc":{"start":{"line":10,"column":25},"end":{"line":50,"column":1}},"line":10},"1":{"name":"(anonymous_1)","decl":{"start":{"line":23,"column":14},"end":{"line":23,"column":15}},"loc":{"start":{"line":23,"column":20},"end":{"line":23,"column":32}},"line":23}},"branchMap":{"0":{"loc":{"start":{"line":32,"column":15},"end":{"line":32,"column":62}},"type":"cond-expr","locations":[{"start":{"line":32,"column":21},"end":{"line":32,"column":37}},{"start":{"line":32,"column":40},"end":{"line":32,"column":62}}],"line":32}},"s":{"0":2,"1":5,"2":5,"3":0},"f":{"0":5,"1":0},"b":{"0":[0,5]},"_coverageSchema":"1a1c01bbd47fc00a2c39e90264f33305004495a9","hash":"70872431449f4544e57a0b9730f5a99dac608f7d"}
,"C:\\Users\\Usuario\\Documents\\Proyectos\\PlataformaProyectosAula\\client\\src\\components\\layout\\nav\\StudentNav\\Nav.jsx": {"path":"C:\\Users\\Usuario\\Documents\\Proyectos\\PlataformaProyectosAula\\client\\src\\components\\layout\\nav\\StudentNav\\Nav.jsx","statementMap":{"0":{"start":{"line":12,"column":19},"end":{"line":60,"column":1}},"1":{"start":{"line":13,"column":23},"end":{"line":13,"column":38}},"2":{"start":{"line":15,"column":1},"end":{"line":59,"column":3}},"3":{"start":{"line":28,"column":20},"end":{"line":28,"column":32}}},"fnMap":{"0":{"name":"(anonymous_0)","decl":{"start":{"line":12,"column":19},"end":{"line":12,"column":20}},"loc":{"start":{"line":12,"column":25},"end":{"line":60,"column":1}},"line":12},"1":{"name":"(anonymous_1)","decl":{"start":{"line":28,"column":14},"end":{"line":28,"column":15}},"loc":{"start":{"line":28,"column":20},"end":{"line":28,"column":32}},"line":28}},"branchMap":{"0":{"loc":{"start":{"line":37,"column":15},"end":{"line":37,"column":62}},"type":"cond-expr","locations":[{"start":{"line":37,"column":21},"end":{"line":37,"column":37}},{"start":{"line":37,"column":40},"end":{"line":37,"column":62}}],"line":37}},"s":{"0":2,"1":11,"2":11,"3":0},"f":{"0":11,"1":0},"b":{"0":[0,11]},"_coverageSchema":"1a1c01bbd47fc00a2c39e90264f33305004495a9","hash":"7e9e3dfc9ac932c7624c1e51108d8e4b38429faf"}
,"C:\\Users\\Usuario\\Documents\\Proyectos\\PlataformaProyectosAula\\client\\src\\components\\project\\filtersections\\projects\\foryou\\ForYouSection.jsx": {"path":"C:\\Users\\Usuario\\Documents\\Proyectos\\PlataformaProyectosAula\\client\\src\\components\\project\\filtersections\\projects\\foryou\\ForYouSection.jsx","statementMap":{"0":{"start":{"line":10,"column":29},"end":{"line":44,"column":1}},"1":{"start":{"line":11,"column":29},"end":{"line":19,"column":2}},"2":{"start":{"line":13,"column":8},"end":{"line":13,"column":60}},"3":{"start":{"line":16,"column":4},"end":{"line":16,"column":22}},"4":{"start":{"line":21,"column":1},"end":{"line":43,"column":3}},"5":{"start":{"line":39,"column":6},"end":{"line":39,"column":56}},"6":{"start":{"line":46,"column":22},"end":{"line":53,"column":1}}},"fnMap":{"0":{"name":"(anonymous_0)","decl":{"start":{"line":10,"column":29},"end":{"line":10,"column":30}},"loc":{"start":{"line":10,"column":35},"end":{"line":44,"column":1}},"line":10},"1":{"name":"(anonymous_1)","decl":{"start":{"line":13,"column":2},"end":{"line":13,"column":3}},"loc":{"start":{"line":13,"column":8},"end":{"line":13,"column":60}},"line":13},"2":{"name":"(anonymous_2)","decl":{"start":{"line":15,"column":14},"end":{"line":15,"column":15}},"loc":{"start":{"line":15,"column":24},"end":{"line":17,"column":4}},"line":15},"3":{"name":"(anonymous_3)","decl":{"start":{"line":38,"column":14},"end":{"line":38,"column":15}},"loc":{"start":{"line":39,"column":6},"end":{"line":39,"column":56}},"line":39}},"branchMap":{"0":{"loc":{"start":{"line":23,"column":4},"end":{"line":30,"column":4}},"type":"binary-expr","locations":[{"start":{"line":23,"column":4},"end":{"line":23,"column":13}},{"start":{"line":24,"column":4},"end":{"line":29,"column":10}}],"line":23},"1":{"loc":{"start":{"line":31,"column":4},"end":{"line":35,"column":4}},"type":"binary-expr","locations":[{"start":{"line":31,"column":4},"end":{"line":31,"column":8}},{"start":{"line":31,"column":12},"end":{"line":31,"column":24}},{"start":{"line":32,"column":4},"end":{"line":34,"column":10}}],"line":31},"2":{"loc":{"start":{"line":37,"column":5},"end":{"line":40,"column":7}},"type":"binary-expr","locations":[{"start":{"line":37,"column":5},"end":{"line":37,"column":9}},{"start":{"line":38,"column":5},"end":{"line":40,"column":7}}],"line":37}},"s":{"0":1,"1":4,"2":1,"3":0,"4":4,"5":0,"6":1},"f":{"0":4,"1":1,"2":0,"3":0},"b":{"0":[4,4],"1":[4,0,0],"2":[4,0]},"_coverageSchema":"1a1c01bbd47fc00a2c39e90264f33305004495a9","hash":"f0824520c2c98086b11219dafb53c4180e194278"}
,"C:\\Users\\Usuario\\Documents\\Proyectos\\PlataformaProyectosAula\\client\\src\\components\\project\\myprojects\\MyProjects.jsx": {"path":"C:\\Users\\Usuario\\Documents\\Proyectos\\PlataformaProyectosAula\\client\\src\\components\\project\\myprojects\\MyProjects.jsx","statementMap":{"0":{"start":{"line":13,"column":26},"end":{"line":39,"column":1}},"1":{"start":{"line":14,"column":29},"end":{"line":17,"column":3}},"2":{"start":{"line":19,"column":1},"end":{"line":38,"column":3}},"3":{"start":{"line":34,"column":6},"end":{"line":34,"column":56}},"4":{"start":{"line":41,"column":0},"end":{"line":43,"column":2}}},"fnMap":{"0":{"name":"(anonymous_0)","decl":{"start":{"line":13,"column":26},"end":{"line":13,"column":27}},"loc":{"start":{"line":13,"column":42},"end":{"line":39,"column":1}},"line":13},"1":{"name":"(anonymous_1)","decl":{"start":{"line":33,"column":14},"end":{"line":33,"column":15}},"loc":{"start":{"line":34,"column":6},"end":{"line":34,"column":56}},"line":34}},"branchMap":{"0":{"loc":{"start":{"line":21,"column":4},"end":{"line":25,"column":4}},"type":"binary-expr","locations":[{"start":{"line":21,"column":4},"end":{"line":21,"column":13}},{"start":{"line":22,"column":4},"end":{"line":24,"column":10}}],"line":21},"1":{"loc":{"start":{"line":27,"column":5},"end":{"line":31,"column":5}},"type":"binary-expr","locations":[{"start":{"line":27,"column":5},"end":{"line":27,"column":9}},{"start":{"line":27,"column":13},"end":{"line":27,"column":30}},{"start":{"line":28,"column":5},"end":{"line":30,"column":11}}],"line":27},"2":{"loc":{"start":{"line":32,"column":5},"end":{"line":35,"column":7}},"type":"binary-expr","locations":[{"start":{"line":32,"column":5},"end":{"line":32,"column":9}},{"start":{"line":33,"column":5},"end":{"line":35,"column":7}}],"line":32}},"s":{"0":1,"1":3,"2":3,"3":0,"4":1},"f":{"0":3,"1":0},"b":{"0":[3,3],"1":[3,0,0],"2":[3,0]},"_coverageSchema":"1a1c01bbd47fc00a2c39e90264f33305004495a9","hash":"cee68fd228f0b23d00aa3427ce7353de7050c8bd"}
,"C:\\Users\\Usuario\\Documents\\Proyectos\\PlataformaProyectosAula\\client\\src\\components\\project\\projectcard\\ProjectCard.jsx": {"path":"C:\\Users\\Usuario\\Documents\\Proyectos\\PlataformaProyectosAula\\client\\src\\components\\project\\projectcard\\ProjectCard.jsx","statementMap":{"0":{"start":{"line":16,"column":27},"end":{"line":102,"column":1}},"1":{"start":{"line":17,"column":21},"end":{"line":23,"column":2}},"2":{"start":{"line":25,"column":25},"end":{"line":25,"column":35}},"3":{"start":{"line":26,"column":47},"end":{"line":26,"column":59}},"4":{"start":{"line":28,"column":29},"end":{"line":37,"column":2}},"5":{"start":{"line":30,"column":8},"end":{"line":30,"column":34}},"6":{"start":{"line":33,"column":22},"end":{"line":33,"column":67}},"7":{"start":{"line":34,"column":4},"end":{"line":34,"column":37}},"8":{"start":{"line":39,"column":19},"end":{"line":41,"column":2}},"9":{"start":{"line":40,"column":2},"end":{"line":40,"column":17}},"10":{"start":{"line":42,"column":1},"end":{"line":101,"column":3}},"11":{"start":{"line":62,"column":20},"end":{"line":62,"column":33}},"12":{"start":{"line":104,"column":0},"end":{"line":113,"column":2}}},"fnMap":{"0":{"name":"(anonymous_0)","decl":{"start":{"line":16,"column":27},"end":{"line":16,"column":28}},"loc":{"start":{"line":16,"column":44},"end":{"line":102,"column":1}},"line":16},"1":{"name":"(anonymous_1)","decl":{"start":{"line":30,"column":2},"end":{"line":30,"column":3}},"loc":{"start":{"line":30,"column":8},"end":{"line":30,"column":34}},"line":30},"2":{"name":"(anonymous_2)","decl":{"start":{"line":32,"column":14},"end":{"line":32,"column":15}},"loc":{"start":{"line":32,"column":24},"end":{"line":35,"column":4}},"line":32},"3":{"name":"(anonymous_3)","decl":{"start":{"line":39,"column":19},"end":{"line":39,"column":20}},"loc":{"start":{"line":39,"column":25},"end":{"line":41,"column":2}},"line":39},"4":{"name":"(anonymous_4)","decl":{"start":{"line":62,"column":14},"end":{"line":62,"column":15}},"loc":{"start":{"line":62,"column":20},"end":{"line":62,"column":33}},"line":62}},"branchMap":{"0":{"loc":{"start":{"line":19,"column":9},"end":{"line":19,"column":55}},"type":"binary-expr","locations":[{"start":{"line":19,"column":9},"end":{"line":19,"column":27}},{"start":{"line":19,"column":31},"end":{"line":19,"column":55}}],"line":19},"1":{"loc":{"start":{"line":20,"column":15},"end":{"line":20,"column":67}},"type":"binary-expr","locations":[{"start":{"line":20,"column":15},"end":{"line":20,"column":33}},{"start":{"line":20,"column":37},"end":{"line":20,"column":67}}],"line":20},"2":{"loc":{"start":{"line":21,"column":9},"end":{"line":21,"column":71}},"type":"binary-expr","locations":[{"start":{"line":21,"column":9},"end":{"line":21,"column":27}},{"start":{"line":21,"column":31},"end":{"line":21,"column":71}}],"line":21},"3":{"loc":{"start":{"line":22,"column":13},"end":{"line":22,"column":75}},"type":"binary-expr","locations":[{"start":{"line":22,"column":13},"end":{"line":22,"column":31}},{"start":{"line":22,"column":35},"end":{"line":22,"column":75}}],"line":22},"4":{"loc":{"start":{"line":45,"column":5},"end":{"line":49,"column":5}},"type":"binary-expr","locations":[{"start":{"line":45,"column":5},"end":{"line":45,"column":14}},{"start":{"line":46,"column":5},"end":{"line":48,"column":11}}],"line":45},"5":{"loc":{"start":{"line":50,"column":5},"end":{"line":56,"column":5}},"type":"binary-expr","locations":[{"start":{"line":50,"column":5},"end":{"line":50,"column":23}},{"start":{"line":51,"column":5},"end":{"line":55,"column":7}}],"line":50},"6":{"loc":{"start":{"line":52,"column":11},"end":{"line":52,"column":43}},"type":"binary-expr","locations":[{"start":{"line":52,"column":11},"end":{"line":52,"column":29}},{"start":{"line":52,"column":33},"end":{"line":52,"column":43}}],"line":52},"7":{"loc":{"start":{"line":66,"column":5},"end":{"line":72,"column":5}},"type":"binary-expr","locations":[{"start":{"line":66,"column":5},"end":{"line":66,"column":9}},{"start":{"line":67,"column":5},"end":{"line":71,"column":7}}],"line":66},"8":{"loc":{"start":{"line":70,"column":16},"end":{"line":70,"column":63}},"type":"cond-expr","locations":[{"start":{"line":70,"column":41},"end":{"line":70,"column":56}},{"start":{"line":70,"column":59},"end":{"line":70,"column":63}}],"line":70},"9":{"loc":{"start":{"line":77,"column":6},"end":{"line":77,"column":58}},"type":"binary-expr","locations":[{"start":{"line":77,"column":6},"end":{"line":77,"column":17}},{"start":{"line":77,"column":21},"end":{"line":77,"column":58}}],"line":77}},"s":{"0":4,"1":0,"2":0,"3":0,"4":0,"5":0,"6":0,"7":0,"8":0,"9":0,"10":0,"11":0,"12":4},"f":{"0":0,"1":0,"2":0,"3":0,"4":0},"b":{"0":[0,0],"1":[0,0],"2":[0,0],"3":[0,0],"4":[0,0],"5":[0,0],"6":[0,0],"7":[0,0],"8":[0,0],"9":[0,0]},"_coverageSchema":"1a1c01bbd47fc00a2c39e90264f33305004495a9","hash":"2bbde27f091b71025f7d2ccaa83adb64f77b4fbb"}
,"C:\\Users\\Usuario\\Documents\\Proyectos\\PlataformaProyectosAula\\client\\src\\components\\project\\projectmenu\\Menu.jsx": {"path":"C:\\Users\\Usuario\\Documents\\Proyectos\\PlataformaProyectosAula\\client\\src\\components\\project\\projectmenu\\Menu.jsx","statementMap":{"0":{"start":{"line":16,"column":20},"end":{"line":74,"column":1}},"1":{"start":{"line":17,"column":14},"end":{"line":17,"column":42}},"2":{"start":{"line":18,"column":16},"end":{"line":18,"column":46}},"3":{"start":{"line":19,"column":33},"end":{"line":19,"column":59}},"4":{"start":{"line":21,"column":21},"end":{"line":21,"column":37}},"5":{"start":{"line":23,"column":23},"end":{"line":28,"column":3}},"6":{"start":{"line":25,"column":3},"end":{"line":26,"column":70}},"7":{"start":{"line":26,"column":26},"end":{"line":26,"column":67}},"8":{"start":{"line":30,"column":22},"end":{"line":37,"column":2}},"9":{"start":{"line":31,"column":2},"end":{"line":36,"column":3}},"10":{"start":{"line":32,"column":3},"end":{"line":32,"column":34}},"11":{"start":{"line":34,"column":3},"end":{"line":34,"column":24}},"12":{"start":{"line":35,"column":3},"end":{"line":35,"column":67}},"13":{"start":{"line":35,"column":25},"end":{"line":35,"column":64}},"14":{"start":{"line":39,"column":1},"end":{"line":73,"column":3}},"15":{"start":{"line":53,"column":21},"end":{"line":53,"column":35}},"16":{"start":{"line":76,"column":0},"end":{"line":80,"column":2}}},"fnMap":{"0":{"name":"(anonymous_0)","decl":{"start":{"line":16,"column":20},"end":{"line":16,"column":21}},"loc":{"start":{"line":16,"column":60},"end":{"line":74,"column":1}},"line":16},"1":{"name":"(anonymous_1)","decl":{"start":{"line":24,"column":13},"end":{"line":24,"column":14}},"loc":{"start":{"line":24,"column":19},"end":{"line":27,"column":3}},"line":24},"2":{"name":"(anonymous_2)","decl":{"start":{"line":26,"column":15},"end":{"line":26,"column":16}},"loc":{"start":{"line":26,"column":26},"end":{"line":26,"column":67}},"line":26},"3":{"name":"(anonymous_3)","decl":{"start":{"line":30,"column":22},"end":{"line":30,"column":23}},"loc":{"start":{"line":30,"column":34},"end":{"line":37,"column":2}},"line":30},"4":{"name":"(anonymous_4)","decl":{"start":{"line":35,"column":14},"end":{"line":35,"column":15}},"loc":{"start":{"line":35,"column":25},"end":{"line":35,"column":64}},"line":35},"5":{"name":"(anonymous_5)","decl":{"start":{"line":53,"column":15},"end":{"line":53,"column":16}},"loc":{"start":{"line":53,"column":21},"end":{"line":53,"column":35}},"line":53}},"branchMap":{"0":{"loc":{"start":{"line":49,"column":5},"end":{"line":58,"column":5}},"type":"binary-expr","locations":[{"start":{"line":49,"column":6},"end":{"line":49,"column":18}},{"start":{"line":49,"column":22},"end":{"line":49,"column":41}},{"start":{"line":50,"column":5},"end":{"line":57,"column":14}}],"line":49},"1":{"loc":{"start":{"line":59,"column":5},"end":{"line":64,"column":5}},"type":"binary-expr","locations":[{"start":{"line":59,"column":5},"end":{"line":59,"column":24}},{"start":{"line":60,"column":5},"end":{"line":63,"column":14}}],"line":59},"2":{"loc":{"start":{"line":65,"column":5},"end":{"line":70,"column":5}},"type":"binary-expr","locations":[{"start":{"line":65,"column":6},"end":{"line":65,"column":18}},{"start":{"line":65,"column":22},"end":{"line":65,"column":34}},{"start":{"line":66,"column":5},"end":{"line":69,"column":14}}],"line":65}},"s":{"0":4,"1":0,"2":0,"3":0,"4":0,"5":0,"6":0,"7":0,"8":0,"9":0,"10":0,"11":0,"12":0,"13":0,"14":0,"15":0,"16":4},"f":{"0":0,"1":0,"2":0,"3":0,"4":0,"5":0},"b":{"0":[0,0,0],"1":[0,0],"2":[0,0,0]},"_coverageSchema":"1a1c01bbd47fc00a2c39e90264f33305004495a9","hash":"34cf65e909f74c50d8e4c0f175a8a890ca90ebdf"}
,"C:\\Users\\Usuario\\Documents\\Proyectos\\PlataformaProyectosAula\\client\\src\\components\\project\\trending\\trendingindex\\TrendingIndex.jsx": {"path":"C:\\Users\\Usuario\\Documents\\Proyectos\\PlataformaProyectosAula\\client\\src\\components\\project\\trending\\trendingindex\\TrendingIndex.jsx","statementMap":{"0":{"start":{"line":14,"column":29},"end":{"line":48,"column":1}},"1":{"start":{"line":15,"column":29},"end":{"line":18,"column":3}},"2":{"start":{"line":20,"column":16},"end":{"line":20,"column":44}},"3":{"start":{"line":22,"column":1},"end":{"line":47,"column":3}},"4":{"start":{"line":34,"column":6},"end":{"line":37,"column":12}}},"fnMap":{"0":{"name":"(anonymous_0)","decl":{"start":{"line":14,"column":29},"end":{"line":14,"column":30}},"loc":{"start":{"line":14,"column":35},"end":{"line":48,"column":1}},"line":14},"1":{"name":"(anonymous_1)","decl":{"start":{"line":33,"column":17},"end":{"line":33,"column":18}},"loc":{"start":{"line":34,"column":6},"end":{"line":37,"column":12}},"line":34}},"branchMap":{"0":{"loc":{"start":{"line":20,"column":16},"end":{"line":20,"column":44}},"type":"cond-expr","locations":[{"start":{"line":20,"column":23},"end":{"line":20,"column":39}},{"start":{"line":20,"column":42},"end":{"line":20,"column":44}}],"line":20},"1":{"loc":{"start":{"line":25,"column":4},"end":{"line":25,"column":43}},"type":"binary-expr","locations":[{"start":{"line":25,"column":4},"end":{"line":25,"column":23}},{"start":{"line":25,"column":27},"end":{"line":25,"column":43}}],"line":25},"2":{"loc":{"start":{"line":26,"column":4},"end":{"line":30,"column":4}},"type":"binary-expr","locations":[{"start":{"line":26,"column":4},"end":{"line":26,"column":13}},{"start":{"line":27,"column":4},"end":{"line":29,"column":10}}],"line":26},"3":{"loc":{"start":{"line":31,"column":4},"end":{"line":45,"column":4}},"type":"binary-expr","locations":[{"start":{"line":31,"column":4},"end":{"line":31,"column":21}},{"start":{"line":32,"column":4},"end":{"line":44,"column":10}}],"line":31}},"s":{"0":1,"1":5,"2":4,"3":4,"4":0},"f":{"0":5,"1":0},"b":{"0":[0,4],"1":[4,4],"2":[4,1],"3":[4,0]},"_coverageSchema":"1a1c01bbd47fc00a2c39e90264f33305004495a9","hash":"2a0f8bcabc91f3518d6aeaf6d415a35593959ddb"}
,"C:\\Users\\Usuario\\Documents\\Proyectos\\PlataformaProyectosAula\\client\\src\\components\\project\\trendnumber\\Number.jsx": {"path":"C:\\Users\\Usuario\\Documents\\Proyectos\\PlataformaProyectosAula\\client\\src\\components\\project\\trendnumber\\Number.jsx","statementMap":{"0":{"start":{"line":3,"column":15},"end":{"line":9,"column":1}},"1":{"start":{"line":4,"column":1},"end":{"line":8,"column":3}},"2":{"start":{"line":11,"column":21},"end":{"line":15,"column":1}},"3":{"start":{"line":17,"column":0},"end":{"line":19,"column":2}}},"fnMap":{"0":{"name":"(anonymous_0)","decl":{"start":{"line":3,"column":15},"end":{"line":3,"column":16}},"loc":{"start":{"line":3,"column":36},"end":{"line":9,"column":1}},"line":3}},"branchMap":{},"s":{"0":1,"1":0,"2":1,"3":1},"f":{"0":0},"b":{},"_coverageSchema":"1a1c01bbd47fc00a2c39e90264f33305004495a9","hash":"42606fb018c7ef253b4c35de2a32c7ebc7173790"}
,"C:\\Users\\Usuario\\Documents\\Proyectos\\PlataformaProyectosAula\\client\\src\\components\\users\\usercard\\UserCard.jsx": {"path":"C:\\Users\\Usuario\\Documents\\Proyectos\\PlataformaProyectosAula\\client\\src\\components\\users\\usercard\\UserCard.jsx","statementMap":{"0":{"start":{"line":10,"column":24},"end":{"line":73,"column":1}},"1":{"start":{"line":11,"column":18},"end":{"line":19,"column":2}},"2":{"start":{"line":21,"column":21},"end":{"line":21,"column":38}},"3":{"start":{"line":23,"column":30},"end":{"line":27,"column":3}},"4":{"start":{"line":25,"column":3},"end":{"line":25,"column":44}},"5":{"start":{"line":29,"column":32},"end":{"line":33,"column":3}},"6":{"start":{"line":31,"column":3},"end":{"line":31,"column":44}},"7":{"start":{"line":35,"column":25},"end":{"line":41,"column":2}},"8":{"start":{"line":36,"column":2},"end":{"line":40,"column":3}},"9":{"start":{"line":37,"column":3},"end":{"line":37,"column":44}},"10":{"start":{"line":38,"column":9},"end":{"line":40,"column":3}},"11":{"start":{"line":39,"column":3},"end":{"line":39,"column":46}},"12":{"start":{"line":43,"column":1},"end":{"line":72,"column":3}},"13":{"start":{"line":66,"column":19},"end":{"line":66,"column":36}},"14":{"start":{"line":75,"column":0},"end":{"line":88,"column":2}}},"fnMap":{"0":{"name":"(anonymous_0)","decl":{"start":{"line":10,"column":24},"end":{"line":10,"column":25}},"loc":{"start":{"line":10,"column":38},"end":{"line":73,"column":1}},"line":10},"1":{"name":"(anonymous_1)","decl":{"start":{"line":24,"column":13},"end":{"line":24,"column":14}},"loc":{"start":{"line":24,"column":19},"end":{"line":26,"column":3}},"line":24},"2":{"name":"(anonymous_2)","decl":{"start":{"line":30,"column":13},"end":{"line":30,"column":14}},"loc":{"start":{"line":30,"column":19},"end":{"line":32,"column":3}},"line":30},"3":{"name":"(anonymous_3)","decl":{"start":{"line":35,"column":25},"end":{"line":35,"column":26}},"loc":{"start":{"line":35,"column":37},"end":{"line":41,"column":2}},"line":35},"4":{"name":"(anonymous_4)","decl":{"start":{"line":66,"column":13},"end":{"line":66,"column":14}},"loc":{"start":{"line":66,"column":19},"end":{"line":66,"column":36}},"line":66}},"branchMap":{"0":{"loc":{"start":{"line":13,"column":13},"end":{"line":13,"column":57}},"type":"binary-expr","locations":[{"start":{"line":13,"column":13},"end":{"line":13,"column":28}},{"start":{"line":13,"column":32},"end":{"line":13,"column":57}}],"line":13},"1":{"loc":{"start":{"line":14,"column":8},"end":{"line":14,"column":47}},"type":"binary-expr","locations":[{"start":{"line":14,"column":8},"end":{"line":14,"column":23}},{"start":{"line":14,"column":27},"end":{"line":14,"column":47}}],"line":14},"2":{"loc":{"start":{"line":15,"column":9},"end":{"line":15,"column":49}},"type":"binary-expr","locations":[{"start":{"line":15,"column":9},"end":{"line":15,"column":24}},{"start":{"line":15,"column":28},"end":{"line":15,"column":49}}],"line":15},"3":{"loc":{"start":{"line":16,"column":15},"end":{"line":16,"column":61}},"type":"binary-expr","locations":[{"start":{"line":16,"column":15},"end":{"line":16,"column":30}},{"start":{"line":16,"column":34},"end":{"line":16,"column":61}}],"line":16},"4":{"loc":{"start":{"line":17,"column":8},"end":{"line":17,"column":50}},"type":"binary-expr","locations":[{"start":{"line":17,"column":8},"end":{"line":17,"column":23}},{"start":{"line":17,"column":27},"end":{"line":17,"column":50}}],"line":17},"5":{"loc":{"start":{"line":18,"column":9},"end":{"line":18,"column":49}},"type":"binary-expr","locations":[{"start":{"line":18,"column":9},"end":{"line":18,"column":24}},{"start":{"line":18,"column":28},"end":{"line":18,"column":49}}],"line":18},"6":{"loc":{"start":{"line":36,"column":2},"end":{"line":40,"column":3}},"type":"if","locations":[{"start":{"line":36,"column":2},"end":{"line":40,"column":3}},{"start":{"line":38,"column":9},"end":{"line":40,"column":3}}],"line":36},"7":{"loc":{"start":{"line":38,"column":9},"end":{"line":40,"column":3}},"type":"if","locations":[{"start":{"line":38,"column":9},"end":{"line":40,"column":3}},{"start":{},"end":{}}],"line":38},"8":{"loc":{"start":{"line":50,"column":7},"end":{"line":54,"column":12}},"type":"cond-expr","locations":[{"start":{"line":51,"column":9},"end":{"line":51,"column":21}},{"start":{"line":52,"column":9},"end":{"line":54,"column":12}}],"line":50},"9":{"loc":{"start":{"line":52,"column":9},"end":{"line":54,"column":12}},"type":"cond-expr","locations":[{"start":{"line":53,"column":10},"end":{"line":53,"column":20}},{"start":{"line":54,"column":10},"end":{"line":54,"column":12}}],"line":52},"10":{"loc":{"start":{"line":64,"column":5},"end":{"line":64,"column":75}},"type":"cond-expr","locations":[{"start":{"line":64,"column":28},"end":{"line":64,"column":51}},{"start":{"line":64,"column":54},"end":{"line":64,"column":75}}],"line":64},"11":{"loc":{"start":{"line":68,"column":5},"end":{"line":68,"column":52}},"type":"cond-expr","locations":[{"start":{"line":68,"column":28},"end":{"line":68,"column":40}},{"start":{"line":68,"column":43},"end":{"line":68,"column":52}}],"line":68}},"s":{"0":2,"1":3,"2":3,"3":3,"4":0,"5":3,"6":0,"7":3,"8":0,"9":0,"10":0,"11":0,"12":3,"13":0,"14":2},"f":{"0":3,"1":0,"2":0,"3":0,"4":0},"b":{"0":[3,0],"1":[3,0],"2":[3,0],"3":[3,0],"4":[3,0],"5":[3,0],"6":[0,0],"7":[0,0],"8":[0,3],"9":[0,3],"10":[0,3],"11":[0,3]},"_coverageSchema":"1a1c01bbd47fc00a2c39e90264f33305004495a9","hash":"b16ebedea8050caa02b5d9f001b0637c92dec324"}
,"C:\\Users\\Usuario\\Documents\\Proyectos\\PlataformaProyectosAula\\client\\src\\components\\users\\usersList\\UsersList.jsx": {"path":"C:\\Users\\Usuario\\Documents\\Proyectos\\PlataformaProyectosAula\\client\\src\\components\\users\\usersList\\UsersList.jsx","statementMap":{"0":{"start":{"line":17,"column":25},"end":{"line":74,"column":1}},"1":{"start":{"line":18,"column":33},"end":{"line":18,"column":59}},"2":{"start":{"line":19,"column":29},"end":{"line":19,"column":41}},"3":{"start":{"line":21,"column":29},"end":{"line":24,"column":2}},"4":{"start":{"line":22,"column":2},"end":{"line":22,"column":28}},"5":{"start":{"line":23,"column":2},"end":{"line":23,"column":22}},"6":{"start":{"line":26,"column":38},"end":{"line":29,"column":3}},"7":{"start":{"line":31,"column":1},"end":{"line":33,"column":27}},"8":{"start":{"line":32,"column":2},"end":{"line":32,"column":20}},"9":{"start":{"line":35,"column":1},"end":{"line":73,"column":3}},"10":{"start":{"line":45,"column":7},"end":{"line":45,"column":30}},"11":{"start":{"line":70,"column":29},"end":{"line":70,"column":67}}},"fnMap":{"0":{"name":"(anonymous_0)","decl":{"start":{"line":17,"column":25},"end":{"line":17,"column":26}},"loc":{"start":{"line":17,"column":31},"end":{"line":74,"column":1}},"line":17},"1":{"name":"(anonymous_1)","decl":{"start":{"line":21,"column":29},"end":{"line":21,"column":30}},"loc":{"start":{"line":21,"column":36},"end":{"line":24,"column":2}},"line":21},"2":{"name":"(anonymous_2)","decl":{"start":{"line":31,"column":11},"end":{"line":31,"column":12}},"loc":{"start":{"line":31,"column":17},"end":{"line":33,"column":2}},"line":31},"3":{"name":"(anonymous_3)","decl":{"start":{"line":44,"column":16},"end":{"line":44,"column":17}},"loc":{"start":{"line":44,"column":23},"end":{"line":46,"column":7}},"line":44},"4":{"name":"(anonymous_4)","decl":{"start":{"line":70,"column":19},"end":{"line":70,"column":20}},"loc":{"start":{"line":70,"column":29},"end":{"line":70,"column":67}},"line":70}},"branchMap":{"0":{"loc":{"start":{"line":53,"column":4},"end":{"line":57,"column":4}},"type":"binary-expr","locations":[{"start":{"line":53,"column":4},"end":{"line":53,"column":8}},{"start":{"line":53,"column":12},"end":{"line":53,"column":29}},{"start":{"line":54,"column":4},"end":{"line":56,"column":10}}],"line":53},"1":{"loc":{"start":{"line":58,"column":4},"end":{"line":67,"column":4}},"type":"binary-expr","locations":[{"start":{"line":58,"column":4},"end":{"line":58,"column":13}},{"start":{"line":59,"column":4},"end":{"line":66,"column":10}}],"line":58},"2":{"loc":{"start":{"line":69,"column":5},"end":{"line":70,"column":68}},"type":"binary-expr","locations":[{"start":{"line":69,"column":5},"end":{"line":69,"column":9}},{"start":{"line":70,"column":5},"end":{"line":70,"column":68}}],"line":69}},"s":{"0":1,"1":4,"2":3,"3":3,"4":0,"5":0,"6":3,"7":3,"8":3,"9":3,"10":0,"11":0},"f":{"0":4,"1":0,"2":3,"3":0,"4":0},"b":{"0":[3,0,0],"1":[3,1],"2":[3,0]},"_coverageSchema":"1a1c01bbd47fc00a2c39e90264f33305004495a9","hash":"53b3e62c434c6ac39b8c674483677d03515e053e"}
,"C:\\Users\\Usuario\\Documents\\Proyectos\\PlataformaProyectosAula\\client\\src\\components\\utils\\NothingToSee\\NothingToSee.jsx": {"path":"C:\\Users\\Usuario\\Documents\\Proyectos\\PlataformaProyectosAula\\client\\src\\components\\utils\\NothingToSee\\NothingToSee.jsx","statementMap":{"0":{"start":{"line":1,"column":28},"end":{"line":7,"column":1}},"1":{"start":{"line":2,"column":2},"end":{"line":6,"column":3}}},"fnMap":{"0":{"name":"(anonymous_0)","decl":{"start":{"line":1,"column":28},"end":{"line":1,"column":29}},"loc":{"start":{"line":1,"column":34},"end":{"line":7,"column":1}},"line":1}},"branchMap":{},"s":{"0":5,"1":4},"f":{"0":4},"b":{},"_coverageSchema":"1a1c01bbd47fc00a2c39e90264f33305004495a9","hash":"59348818ef53d2c6b4ca47633657a1a7cf452df4"}
,"C:\\Users\\Usuario\\Documents\\Proyectos\\PlataformaProyectosAula\\client\\src\\components\\utils\\error\\ErrorPopUp.jsx": {"path":"C:\\Users\\Usuario\\Documents\\Proyectos\\PlataformaProyectosAula\\client\\src\\components\\utils\\error\\ErrorPopUp.jsx","statementMap":{"0":{"start":{"line":9,"column":26},"end":{"line":52,"column":1}},"1":{"start":{"line":10,"column":27},"end":{"line":10,"column":41}},"2":{"start":{"line":12,"column":26},"end":{"line":14,"column":2}},"3":{"start":{"line":13,"column":2},"end":{"line":13,"column":18}},"4":{"start":{"line":16,"column":1},"end":{"line":19,"column":8}},"5":{"start":{"line":17,"column":15},"end":{"line":17,"column":45}},"6":{"start":{"line":18,"column":2},"end":{"line":18,"column":38}},"7":{"start":{"line":21,"column":1},"end":{"line":32,"column":2}},"8":{"start":{"line":22,"column":2},"end":{"line":22,"column":23}},"9":{"start":{"line":23,"column":2},"end":{"line":31,"column":3}},"10":{"start":{"line":24,"column":3},"end":{"line":24,"column":44}},"11":{"start":{"line":25,"column":9},"end":{"line":31,"column":3}},"12":{"start":{"line":26,"column":3},"end":{"line":26,"column":40}},"13":{"start":{"line":27,"column":9},"end":{"line":31,"column":3}},"14":{"start":{"line":28,"column":3},"end":{"line":28,"column":37}},"15":{"start":{"line":30,"column":3},"end":{"line":30,"column":21}},"16":{"start":{"line":34,"column":1},"end":{"line":51,"column":3}},"17":{"start":{"line":54,"column":0},"end":{"line":56,"column":2}}},"fnMap":{"0":{"name":"(anonymous_0)","decl":{"start":{"line":9,"column":26},"end":{"line":9,"column":27}},"loc":{"start":{"line":9,"column":43},"end":{"line":52,"column":1}},"line":9},"1":{"name":"(anonymous_1)","decl":{"start":{"line":12,"column":26},"end":{"line":12,"column":27}},"loc":{"start":{"line":12,"column":32},"end":{"line":14,"column":2}},"line":12},"2":{"name":"(anonymous_2)","decl":{"start":{"line":16,"column":11},"end":{"line":16,"column":12}},"loc":{"start":{"line":16,"column":17},"end":{"line":19,"column":2}},"line":16}},"branchMap":{"0":{"loc":{"start":{"line":21,"column":1},"end":{"line":32,"column":2}},"type":"if","locations":[{"start":{"line":21,"column":1},"end":{"line":32,"column":2}},{"start":{},"end":{}}],"line":21},"1":{"loc":{"start":{"line":21,"column":5},"end":{"line":21,"column":46}},"type":"binary-expr","locations":[{"start":{"line":21,"column":5},"end":{"line":21,"column":26}},{"start":{"line":21,"column":30},"end":{"line":21,"column":46}}],"line":21},"2":{"loc":{"start":{"line":23,"column":2},"end":{"line":31,"column":3}},"type":"if","locations":[{"start":{"line":23,"column":2},"end":{"line":31,"column":3}},{"start":{"line":25,"column":9},"end":{"line":31,"column":3}}],"line":23},"3":{"loc":{"start":{"line":25,"column":9},"end":{"line":31,"column":3}},"type":"if","locations":[{"start":{"line":25,"column":9},"end":{"line":31,"column":3}},{"start":{"line":27,"column":9},"end":{"line":31,"column":3}}],"line":25},"4":{"loc":{"start":{"line":27,"column":9},"end":{"line":31,"column":3}},"type":"if","locations":[{"start":{"line":27,"column":9},"end":{"line":31,"column":3}},{"start":{"line":29,"column":9},"end":{"line":31,"column":3}}],"line":27},"5":{"loc":{"start":{"line":35,"column":18},"end":{"line":35,"column":66}},"type":"cond-expr","locations":[{"start":{"line":35,"column":26},"end":{"line":35,"column":45}},{"start":{"line":35,"column":48},"end":{"line":35,"column":66}}],"line":35}},"s":{"0":7,"1":0,"2":0,"3":0,"4":0,"5":0,"6":0,"7":0,"8":0,"9":0,"10":0,"11":0,"12":0,"13":0,"14":0,"15":0,"16":0,"17":7},"f":{"0":0,"1":0,"2":0},"b":{"0":[0,0],"1":[0,0],"2":[0,0],"3":[0,0],"4":[0,0],"5":[0,0]},"_coverageSchema":"1a1c01bbd47fc00a2c39e90264f33305004495a9","hash":"e49fe26ea5771b54e26c904ee6a5295110be8fa8"}
,"C:\\Users\\Usuario\\Documents\\Proyectos\\PlataformaProyectosAula\\client\\src\\components\\utils\\success\\SuccessPopUp.jsx": {"path":"C:\\Users\\Usuario\\Documents\\Proyectos\\PlataformaProyectosAula\\client\\src\\components\\utils\\success\\SuccessPopUp.jsx","statementMap":{"0":{"start":{"line":9,"column":28},"end":{"line":34,"column":1}},"1":{"start":{"line":10,"column":27},"end":{"line":10,"column":41}},"2":{"start":{"line":12,"column":29},"end":{"line":14,"column":5}},"3":{"start":{"line":13,"column":8},"end":{"line":13,"column":23}},"4":{"start":{"line":16,"column":1},"end":{"line":19,"column":7}},"5":{"start":{"line":17,"column":15},"end":{"line":17,"column":45}},"6":{"start":{"line":18,"column":2},"end":{"line":18,"column":41}},"7":{"start":{"line":22,"column":1},"end":{"line":33,"column":3}},"8":{"start":{"line":36,"column":0},"end":{"line":38,"column":2}}},"fnMap":{"0":{"name":"(anonymous_0)","decl":{"start":{"line":9,"column":28},"end":{"line":9,"column":29}},"loc":{"start":{"line":9,"column":45},"end":{"line":34,"column":1}},"line":9},"1":{"name":"(anonymous_1)","decl":{"start":{"line":12,"column":29},"end":{"line":12,"column":30}},"loc":{"start":{"line":12,"column":34},"end":{"line":14,"column":5}},"line":12},"2":{"name":"(anonymous_2)","decl":{"start":{"line":16,"column":11},"end":{"line":16,"column":12}},"loc":{"start":{"line":16,"column":17},"end":{"line":19,"column":2}},"line":16}},"branchMap":{"0":{"loc":{"start":{"line":23,"column":18},"end":{"line":23,"column":80}},"type":"cond-expr","locations":[{"start":{"line":23,"column":26},"end":{"line":23,"column":54}},{"start":{"line":23,"column":57},"end":{"line":23,"column":80}}],"line":23}},"s":{"0":1,"1":0,"2":0,"3":0,"4":0,"5":0,"6":0,"7":0,"8":1},"f":{"0":0,"1":0,"2":0},"b":{"0":[0,0]},"_coverageSchema":"1a1c01bbd47fc00a2c39e90264f33305004495a9","hash":"5c95d8f2b1bd86a53c5a5ef8fec39cefcc9cec2c"}
,"C:\\Users\\Usuario\\Documents\\Proyectos\\PlataformaProyectosAula\\client\\src\\components\\utils\\validation\\ValidationError.jsx": {"path":"C:\\Users\\Usuario\\Documents\\Proyectos\\PlataformaProyectosAula\\client\\src\\components\\utils\\validation\\ValidationError.jsx","statementMap":{"0":{"start":{"line":3,"column":31},"end":{"line":5,"column":1}},"1":{"start":{"line":4,"column":1},"end":{"line":4,"column":46}},"2":{"start":{"line":7,"column":15},"end":{"line":10,"column":1}},"3":{"start":{"line":12,"column":0},"end":{"line":14,"column":2}}},"fnMap":{"0":{"name":"(anonymous_0)","decl":{"start":{"line":3,"column":31},"end":{"line":3,"column":32}},"loc":{"start":{"line":3,"column":48},"end":{"line":5,"column":1}},"line":3}},"branchMap":{},"s":{"0":2,"1":12,"2":2,"3":2},"f":{"0":12},"b":{},"_coverageSchema":"1a1c01bbd47fc00a2c39e90264f33305004495a9","hash":"7821a96319b1375aec77209852396eb605a83f4c"}
,"C:\\Users\\Usuario\\Documents\\Proyectos\\PlataformaProyectosAula\\client\\src\\context\\WarningContext.jsx": {"path":"C:\\Users\\Usuario\\Documents\\Proyectos\\PlataformaProyectosAula\\client\\src\\context\\WarningContext.jsx","statementMap":{"0":{"start":{"line":3,"column":23},"end":{"line":3,"column":38}},"1":{"start":{"line":5,"column":31},"end":{"line":19,"column":1}},"2":{"start":{"line":6,"column":31},"end":{"line":12,"column":6}},"3":{"start":{"line":14,"column":1},"end":{"line":18,"column":3}}},"fnMap":{"0":{"name":"(anonymous_0)","decl":{"start":{"line":5,"column":31},"end":{"line":5,"column":32}},"loc":{"start":{"line":5,"column":49},"end":{"line":19,"column":1}},"line":5}},"branchMap":{},"s":{"0":9,"1":9,"2":30,"3":30},"f":{"0":30},"b":{},"_coverageSchema":"1a1c01bbd47fc00a2c39e90264f33305004495a9","hash":"0e23d8dffe5a92a1e9b91a58fec1cdfa527c7be9"}
,"C:\\Users\\Usuario\\Documents\\Proyectos\\PlataformaProyectosAula\\client\\src\\pages\\public\\LogIn\\LogIn.jsx": {"path":"C:\\Users\\Usuario\\Documents\\Proyectos\\PlataformaProyectosAula\\client\\src\\pages\\public\\LogIn\\LogIn.jsx","statementMap":{"0":{"start":{"line":14,"column":21},"end":{"line":159,"column":1}},"1":{"start":{"line":20,"column":5},"end":{"line":20,"column":14}},"2":{"start":{"line":22,"column":18},"end":{"line":22,"column":31}},"3":{"start":{"line":24,"column":23},"end":{"line":24,"column":48}},"4":{"start":{"line":26,"column":21},"end":{"line":65,"column":2}},"5":{"start":{"line":27,"column":19},"end":{"line":35,"column":3}},"6":{"start":{"line":37,"column":32},"end":{"line":45,"column":3}},"7":{"start":{"line":38,"column":3},"end":{"line":44,"column":4}},"8":{"start":{"line":39,"column":4},"end":{"line":39,"column":33}},"9":{"start":{"line":40,"column":10},"end":{"line":44,"column":4}},"10":{"start":{"line":41,"column":4},"end":{"line":41,"column":30}},"11":{"start":{"line":42,"column":10},"end":{"line":44,"column":4}},"12":{"start":{"line":43,"column":4},"end":{"line":43,"column":32}},"13":{"start":{"line":47,"column":2},"end":{"line":64,"column":3}},"14":{"start":{"line":48,"column":3},"end":{"line":61,"column":6}},"15":{"start":{"line":50,"column":5},"end":{"line":50,"column":13}},"16":{"start":{"line":51,"column":18},"end":{"line":51,"column":56}},"17":{"start":{"line":53,"column":5},"end":{"line":53,"column":40}},"18":{"start":{"line":54,"column":5},"end":{"line":54,"column":73}},"19":{"start":{"line":55,"column":5},"end":{"line":55,"column":60}},"20":{"start":{"line":56,"column":5},"end":{"line":56,"column":47}},"21":{"start":{"line":57,"column":5},"end":{"line":57,"column":48}},"22":{"start":{"line":58,"column":5},"end":{"line":58,"column":49}},"23":{"start":{"line":59,"column":5},"end":{"line":59,"column":33}},"24":{"start":{"line":63,"column":3},"end":{"line":63,"column":24}},"25":{"start":{"line":66,"column":1},"end":{"line":158,"column":3}}},"fnMap":{"0":{"name":"(anonymous_0)","decl":{"start":{"line":14,"column":21},"end":{"line":14,"column":22}},"loc":{"start":{"line":14,"column":27},"end":{"line":159,"column":1}},"line":14},"1":{"name":"(anonymous_1)","decl":{"start":{"line":26,"column":21},"end":{"line":26,"column":22}},"loc":{"start":{"line":26,"column":37},"end":{"line":65,"column":2}},"line":26},"2":{"name":"(anonymous_2)","decl":{"start":{"line":37,"column":32},"end":{"line":37,"column":33}},"loc":{"start":{"line":37,"column":42},"end":{"line":45,"column":3}},"line":37},"3":{"name":"(anonymous_3)","decl":{"start":{"line":49,"column":15},"end":{"line":49,"column":16}},"loc":{"start":{"line":49,"column":35},"end":{"line":60,"column":5}},"line":49}},"branchMap":{"0":{"loc":{"start":{"line":38,"column":3},"end":{"line":44,"column":4}},"type":"if","locations":[{"start":{"line":38,"column":3},"end":{"line":44,"column":4}},{"start":{"line":40,"column":10},"end":{"line":44,"column":4}}],"line":38},"1":{"loc":{"start":{"line":40,"column":10},"end":{"line":44,"column":4}},"type":"if","locations":[{"start":{"line":40,"column":10},"end":{"line":44,"column":4}},{"start":{"line":42,"column":10},"end":{"line":44,"column":4}}],"line":40},"2":{"loc":{"start":{"line":42,"column":10},"end":{"line":44,"column":4}},"type":"if","locations":[{"start":{"line":42,"column":10},"end":{"line":44,"column":4}},{"start":{},"end":{}}],"line":42},"3":{"loc":{"start":{"line":68,"column":4},"end":{"line":72,"column":4}},"type":"cond-expr","locations":[{"start":{"line":69,"column":4},"end":{"line":69,"column":69}},{"start":{"line":71,"column":4},"end":{"line":71,"column":6}}],"line":68},"4":{"loc":{"start":{"line":68,"column":4},"end":{"line":68,"column":73}},"type":"binary-expr","locations":[{"start":{"line":68,"column":4},"end":{"line":68,"column":25}},{"start":{"line":68,"column":29},"end":{"line":68,"column":73}}],"line":68},"5":{"loc":{"start":{"line":106,"column":6},"end":{"line":106,"column":72}},"type":"binary-expr","locations":[{"start":{"line":106,"column":6},"end":{"line":106,"column":18}},{"start":{"line":106,"column":22},"end":{"line":106,"column":72}}],"line":106},"6":{"loc":{"start":{"line":121,"column":6},"end":{"line":123,"column":6}},"type":"binary-expr","locations":[{"start":{"line":121,"column":6},"end":{"line":121,"column":21}},{"start":{"line":122,"column":6},"end":{"line":122,"column":59}}],"line":121},"7":{"loc":{"start":{"line":124,"column":6},"end":{"line":130,"column":6}},"type":"cond-expr","locations":[{"start":{"line":127,"column":6},"end":{"line":127,"column":67}},{"start":{"line":129,"column":6},"end":{"line":129,"column":8}}],"line":124},"8":{"loc":{"start":{"line":124,"column":6},"end":{"line":126,"column":48}},"type":"binary-expr","locations":[{"start":{"line":124,"column":6},"end":{"line":124,"column":25}},{"start":{"line":125,"column":5},"end":{"line":125,"column":32}},{"start":{"line":126,"column":5},"end":{"line":126,"column":48}}],"line":124},"9":{"loc":{"start":{"line":146,"column":7},"end":{"line":153,"column":7}},"type":"binary-expr","locations":[{"start":{"line":146,"column":7},"end":{"line":146,"column":30}},{"start":{"line":147,"column":7},"end":{"line":152,"column":9}}],"line":146}},"s":{"0":1,"1":16,"2":16,"3":16,"4":16,"5":0,"6":0,"7":0,"8":0,"9":0,"10":0,"11":0,"12":0,"13":0,"14":0,"15":0,"16":0,"17":0,"18":0,"19":0,"20":0,"21":0,"22":0,"23":0,"24":0,"25":16},"f":{"0":16,"1":0,"2":0,"3":0},"b":{"0":[0,0],"1":[0,0],"2":[0,0],"3":[0,16],"4":[16,0],"5":[16,3],"6":[16,3],"7":[0,16],"8":[16,0,0],"9":[16,0]},"_coverageSchema":"1a1c01bbd47fc00a2c39e90264f33305004495a9","hash":"24f53a11e559ced12f609832833c3fbc981c5c12"}
,"C:\\Users\\Usuario\\Documents\\Proyectos\\PlataformaProyectosAula\\client\\src\\pages\\public\\Register\\Register.jsx": {"path":"C:\\Users\\Usuario\\Documents\\Proyectos\\PlataformaProyectosAula\\client\\src\\pages\\public\\Register\\Register.jsx","statementMap":{"0":{"start":{"line":15,"column":24},"end":{"line":125,"column":1}},"1":{"start":{"line":21,"column":5},"end":{"line":21,"column":14}},"2":{"start":{"line":23,"column":26},"end":{"line":23,"column":54}},"3":{"start":{"line":25,"column":24},"end":{"line":44,"column":2}},"4":{"start":{"line":26,"column":15},"end":{"line":34,"column":3}},"5":{"start":{"line":35,"column":2},"end":{"line":43,"column":3}},"6":{"start":{"line":36,"column":3},"end":{"line":40,"column":6}},"7":{"start":{"line":38,"column":5},"end":{"line":38,"column":13}},"8":{"start":{"line":42,"column":3},"end":{"line":42,"column":24}},"9":{"start":{"line":46,"column":1},"end":{"line":124,"column":3}}},"fnMap":{"0":{"name":"(anonymous_0)","decl":{"start":{"line":15,"column":24},"end":{"line":15,"column":25}},"loc":{"start":{"line":15,"column":30},"end":{"line":125,"column":1}},"line":15},"1":{"name":"(anonymous_1)","decl":{"start":{"line":25,"column":24},"end":{"line":25,"column":25}},"loc":{"start":{"line":25,"column":40},"end":{"line":44,"column":2}},"line":25},"2":{"name":"(anonymous_2)","decl":{"start":{"line":37,"column":15},"end":{"line":37,"column":16}},"loc":{"start":{"line":37,"column":21},"end":{"line":39,"column":5}},"line":37}},"branchMap":{"0":{"loc":{"start":{"line":48,"column":4},"end":{"line":50,"column":4}},"type":"binary-expr","locations":[{"start":{"line":48,"column":4},"end":{"line":48,"column":28}},{"start":{"line":49,"column":4},"end":{"line":49,"column":72}}],"line":48},"1":{"loc":{"start":{"line":51,"column":4},"end":{"line":53,"column":4}},"type":"binary-expr","locations":[{"start":{"line":51,"column":4},"end":{"line":51,"column":30}},{"start":{"line":52,"column":4},"end":{"line":52,"column":74}}],"line":51},"2":{"loc":{"start":{"line":73,"column":7},"end":{"line":73,"column":71}},"type":"binary-expr","locations":[{"start":{"line":73,"column":7},"end":{"line":73,"column":18}},{"start":{"line":73,"column":22},"end":{"line":73,"column":71}}],"line":73},"3":{"loc":{"start":{"line":95,"column":7},"end":{"line":97,"column":7}},"type":"binary-expr","locations":[{"start":{"line":95,"column":7},"end":{"line":95,"column":22}},{"start":{"line":96,"column":7},"end":{"line":96,"column":60}}],"line":95},"4":{"loc":{"start":{"line":112,"column":7},"end":{"line":119,"column":7}},"type":"binary-expr","locations":[{"start":{"line":112,"column":7},"end":{"line":112,"column":33}},{"start":{"line":113,"column":7},"end":{"line":118,"column":9}}],"line":112}},"s":{"0":1,"1":17,"2":17,"3":17,"4":0,"5":0,"6":0,"7":0,"8":0,"9":17},"f":{"0":17,"1":0,"2":0},"b":{"0":[17,0],"1":[17,0],"2":[17,3],"3":[17,3],"4":[17,0]},"_coverageSchema":"1a1c01bbd47fc00a2c39e90264f33305004495a9","hash":"835df2de12ced1fce0efe23478e73c68a8671440"}
,"C:\\Users\\Usuario\\Documents\\Proyectos\\PlataformaProyectosAula\\client\\src\\pages\\shared\\projectscareer\\ProjectsCareer.jsx": {"path":"C:\\Users\\Usuario\\Documents\\Proyectos\\PlataformaProyectosAula\\client\\src\\pages\\shared\\projectscareer\\ProjectsCareer.jsx","statementMap":{"0":{"start":{"line":14,"column":30},"end":{"line":66,"column":1}},"1":{"start":{"line":15,"column":14},"end":{"line":15,"column":42}},"2":{"start":{"line":17,"column":45},"end":{"line":20,"column":3}},"3":{"start":{"line":22,"column":1},"end":{"line":65,"column":3}},"4":{"start":{"line":58,"column":8},"end":{"line":58,"column":58}},"5":{"start":{"line":68,"column":22},"end":{"line":75,"column":1}}},"fnMap":{"0":{"name":"(anonymous_0)","decl":{"start":{"line":14,"column":30},"end":{"line":14,"column":31}},"loc":{"start":{"line":14,"column":36},"end":{"line":66,"column":1}},"line":14},"1":{"name":"(anonymous_1)","decl":{"start":{"line":57,"column":27},"end":{"line":57,"column":28}},"loc":{"start":{"line":58,"column":8},"end":{"line":58,"column":58}},"line":58}},"branchMap":{"0":{"loc":{"start":{"line":24,"column":4},"end":{"line":28,"column":4}},"type":"binary-expr","locations":[{"start":{"line":24,"column":4},"end":{"line":24,"column":11}},{"start":{"line":25,"column":4},"end":{"line":27,"column":10}}],"line":24},"1":{"loc":{"start":{"line":30,"column":5},"end":{"line":38,"column":5}},"type":"cond-expr","locations":[{"start":{"line":31,"column":5},"end":{"line":31,"column":17}},{"start":{"line":32,"column":8},"end":{"line":38,"column":5}}],"line":30},"2":{"loc":{"start":{"line":32,"column":8},"end":{"line":38,"column":5}},"type":"cond-expr","locations":[{"start":{"line":33,"column":5},"end":{"line":33,"column":19}},{"start":{"line":34,"column":8},"end":{"line":38,"column":5}}],"line":32},"3":{"loc":{"start":{"line":34,"column":8},"end":{"line":38,"column":5}},"type":"cond-expr","locations":[{"start":{"line":35,"column":5},"end":{"line":35,"column":21}},{"start":{"line":37,"column":5},"end":{"line":37,"column":19}}],"line":34},"4":{"loc":{"start":{"line":40,"column":6},"end":{"line":50,"column":6}},"type":"binary-expr","locations":[{"start":{"line":40,"column":6},"end":{"line":40,"column":15}},{"start":{"line":41,"column":6},"end":{"line":49,"column":12}}],"line":40},"5":{"loc":{"start":{"line":53,"column":7},"end":{"line":53,"column":52}},"type":"binary-expr","locations":[{"start":{"line":53,"column":7},"end":{"line":53,"column":11}},{"start":{"line":53,"column":15},"end":{"line":53,"column":32}},{"start":{"line":53,"column":36},"end":{"line":53,"column":52}}],"line":53},"6":{"loc":{"start":{"line":55,"column":6},"end":{"line":61,"column":6}},"type":"binary-expr","locations":[{"start":{"line":55,"column":6},"end":{"line":55,"column":10}},{"start":{"line":55,"column":14},"end":{"line":55,"column":22}},{"start":{"line":56,"column":6},"end":{"line":60,"column":12}}],"line":55}},"s":{"0":1,"1":6,"2":6,"3":5,"4":0,"5":1},"f":{"0":6,"1":0},"b":{"0":[5,0],"1":[0,5],"2":[0,5],"3":[0,5],"4":[5,5],"5":[5,0,0],"6":[5,0,0]},"_coverageSchema":"1a1c01bbd47fc00a2c39e90264f33305004495a9","hash":"9435d13f8596ac63700ba2163cc23b1442d1c9f2"}
}
