TN:
SF:src\api\authApi.js
FN:7,(anonymous_0)
FN:17,(anonymous_1)
FN:27,(anonymous_2)
FN:29,(anonymous_3)
FN:34,(anonymous_4)
FNF:5
FNH:0
FNDA:0,(anonymous_0)
FNDA:0,(anonymous_1)
FNDA:0,(anonymous_2)
FNDA:0,(anonymous_3)
FNDA:0,(anonymous_4)
DA:4,7
DA:7,7
DA:8,0
DA:9,0
DA:10,0
DA:12,0
DA:13,0
DA:17,7
DA:18,0
DA:19,0
DA:20,0
DA:21,0
DA:23,0
DA:27,7
DA:28,0
DA:30,0
DA:31,0
DA:35,0
DA:39,0
DA:40,0
DA:41,0
DA:42,0
DA:43,0
DA:44,0
DA:46,0
LF:25
LH:4
BRF:0
BRH:0
end_of_record
TN:
SF:src\api\careersApi.js
FN:9,(anonymous_0)
FN:14,(anonymous_1)
FN:19,(anonymous_2)
FN:30,(anonymous_3)
FNF:4
FNH:1
FNDA:0,(anonymous_0)
FNDA:0,(anonymous_1)
FNDA:0,(anonymous_2)
FNDA:6,(anonymous_3)
DA:5,1
DA:8,1
DA:10,0
DA:11,0
DA:15,0
DA:19,1
DA:20,0
DA:21,0
DA:24,0
DA:26,0
DA:30,1
DA:31,6
DA:32,6
DA:37,6
DA:39,0
LF:15
LH:7
BRF:0
BRH:0
end_of_record
TN:
SF:src\api\profileApi.js
FN:8,(anonymous_0)
FN:13,(anonymous_1)
FN:18,(anonymous_2)
FN:36,(anonymous_3)
FNF:4
FNH:1
FNDA:0,(anonymous_0)
FNDA:0,(anonymous_1)
FNDA:0,(anonymous_2)
FNDA:3,(anonymous_3)
DA:4,1
DA:7,1
DA:9,0
DA:10,0
DA:14,0
DA:18,1
DA:36,1
LF:7
LH:4
BRF:0
BRH:0
end_of_record
TN:
SF:src\api\projectsApi.js
FN:10,(anonymous_0)
FN:15,(anonymous_1)
FN:20,(anonymous_2)
FN:33,(anonymous_3)
FN:45,(anonymous_4)
FN:56,(anonymous_5)
FN:67,(anonymous_6)
FN:86,(anonymous_7)
FN:100,(anonymous_8)
FN:116,(anonymous_9)
FNF:10
FNH:3
FNDA:1,(anonymous_0)
FNDA:0,(anonymous_1)
FNDA:0,(anonymous_2)
FNDA:0,(anonymous_3)
FNDA:0,(anonymous_4)
FNDA:4,(anonymous_5)
FNDA:1,(anonymous_6)
FNDA:0,(anonymous_7)
FNDA:0,(anonymous_8)
FNDA:0,(anonymous_9)
DA:6,4
DA:7,4
DA:9,4
DA:11,1
DA:12,1
DA:16,0
DA:20,4
DA:21,0
DA:22,0
DA:27,0
DA:29,0
DA:33,4
DA:34,0
DA:35,0
DA:39,0
DA:41,0
DA:45,4
DA:46,0
DA:47,0
DA:50,0
DA:52,0
DA:56,4
DA:67,4
DA:68,1
DA:69,1
DA:77,0
DA:78,0
DA:80,0
DA:82,0
DA:86,4
DA:87,0
DA:88,0
DA:94,0
DA:96,0
DA:100,4
DA:101,0
DA:102,0
DA:109,0
DA:110,0
DA:112,0
DA:116,4
DA:117,0
DA:118,0
DA:125,0
DA:126,0
DA:128,0
LF:46
LH:15
BRDA:77,0,0,0
BRDA:77,0,1,0
BRF:2
BRH:0
end_of_record
TN:
SF:src\api\usersApi.js
FN:9,(anonymous_0)
FN:14,(anonymous_1)
FN:19,(anonymous_2)
FN:33,(anonymous_3)
FN:48,(anonymous_4)
FN:57,(anonymous_5)
FNF:6
FNH:1
FNDA:0,(anonymous_0)
FNDA:0,(anonymous_1)
FNDA:3,(anonymous_2)
FNDA:0,(anonymous_3)
FNDA:0,(anonymous_4)
FNDA:0,(anonymous_5)
DA:5,2
DA:8,2
DA:10,0
DA:11,0
DA:15,0
DA:19,2
DA:20,3
DA:21,3
DA:26,3
DA:27,3
DA:29,3
DA:33,2
DA:34,0
DA:35,0
DA:40,0
DA:41,0
DA:42,0
DA:44,0
DA:48,2
DA:49,0
DA:50,0
DA:51,0
DA:53,0
DA:57,2
DA:58,0
DA:59,0
DA:60,0
DA:62,0
LF:28
LH:11
BRF:0
BRH:0
end_of_record
TN:
SF:src\components\layout\logoutbutton\LogOutButon.jsx
FN:12,(anonymous_0)
FN:21,(anonymous_1)
FN:24,(anonymous_2)
FN:30,(anonymous_3)
FN:38,(anonymous_4)
FN:53,(anonymous_5)
FNF:6
FNH:1
FNDA:27,(anonymous_0)
FNDA:0,(anonymous_1)
FNDA:0,(anonymous_2)
FNDA:0,(anonymous_3)
FNDA:0,(anonymous_4)
FNDA:0,(anonymous_5)
DA:12,5
DA:13,27
DA:15,27
DA:17,27
DA:19,27
DA:21,27
DA:22,0
DA:23,0
DA:24,0
DA:25,0
DA:28,0
DA:29,0
DA:31,0
DA:32,0
DA:33,0
DA:38,0
DA:39,0
DA:41,0
DA:46,27
DA:54,0
LF:20
LH:7
BRDA:23,0,0,0
BRDA:23,0,1,0
BRDA:32,1,0,0
BRDA:32,1,1,0
BRDA:48,2,0,27
BRDA:48,2,1,0
BRF:6
BRH:1
end_of_record
TN:
SF:src\components\layout\nav\AdminNav\Nav.jsx
FN:12,(anonymous_0)
FN:21,(anonymous_1)
FNF:2
FNH:1
FNDA:6,(anonymous_0)
FNDA:0,(anonymous_1)
DA:12,2
DA:13,6
DA:15,6
DA:21,0
LF:4
LH:3
BRDA:29,0,0,0
BRDA:29,0,1,6
BRF:2
BRH:1
end_of_record
TN:
SF:src\components\layout\nav\ProfessorNav\Nav.jsx
FN:10,(anonymous_0)
FN:23,(anonymous_1)
FNF:2
FNH:1
FNDA:5,(anonymous_0)
FNDA:0,(anonymous_1)
DA:10,2
DA:11,5
DA:13,5
DA:23,0
LF:4
LH:3
BRDA:32,0,0,0
BRDA:32,0,1,5
BRF:2
BRH:1
end_of_record
TN:
SF:src\components\layout\nav\StudentNav\Nav.jsx
FN:12,(anonymous_0)
FN:28,(anonymous_1)
FNF:2
FNH:1
FNDA:11,(anonymous_0)
FNDA:0,(anonymous_1)
DA:12,2
DA:13,11
DA:15,11
DA:28,0
LF:4
LH:3
BRDA:37,0,0,0
BRDA:37,0,1,11
BRF:2
BRH:1
end_of_record
TN:
SF:src\components\project\filtersections\projects\foryou\ForYouSection.jsx
FN:10,(anonymous_0)
FN:13,(anonymous_1)
FN:15,(anonymous_2)
FN:38,(anonymous_3)
FNF:4
FNH:2
FNDA:4,(anonymous_0)
FNDA:1,(anonymous_1)
FNDA:0,(anonymous_2)
FNDA:0,(anonymous_3)
DA:10,1
DA:11,4
DA:13,1
DA:16,0
DA:21,4
DA:39,0
DA:46,1
LF:7
LH:5
BRDA:23,0,0,4
BRDA:23,0,1,4
BRDA:31,1,0,4
BRDA:31,1,1,0
BRDA:31,1,2,0
BRDA:37,2,0,4
BRDA:37,2,1,0
BRF:7
BRH:4
end_of_record
TN:
SF:src\components\project\myprojects\MyProjects.jsx
FN:13,(anonymous_0)
FN:33,(anonymous_1)
FNF:2
FNH:1
FNDA:3,(anonymous_0)
FNDA:0,(anonymous_1)
DA:13,1
DA:14,3
DA:19,3
DA:34,0
DA:41,1
LF:5
LH:4
BRDA:21,0,0,3
BRDA:21,0,1,3
BRDA:27,1,0,3
BRDA:27,1,1,0
BRDA:27,1,2,0
BRDA:32,2,0,3
BRDA:32,2,1,0
BRF:7
BRH:4
end_of_record
TN:
SF:src\components\project\projectcard\ProjectCard.jsx
FN:16,(anonymous_0)
FN:30,(anonymous_1)
FN:32,(anonymous_2)
FN:39,(anonymous_3)
FN:62,(anonymous_4)
FNF:5
FNH:0
FNDA:0,(anonymous_0)
FNDA:0,(anonymous_1)
FNDA:0,(anonymous_2)
FNDA:0,(anonymous_3)
FNDA:0,(anonymous_4)
DA:16,4
DA:17,0
DA:25,0
DA:26,0
DA:28,0
DA:30,0
DA:33,0
DA:34,0
DA:39,0
DA:40,0
DA:42,0
DA:62,0
DA:104,4
LF:13
LH:2
BRDA:19,0,0,0
BRDA:19,0,1,0
BRDA:20,1,0,0
BRDA:20,1,1,0
BRDA:21,2,0,0
BRDA:21,2,1,0
BRDA:22,3,0,0
BRDA:22,3,1,0
BRDA:45,4,0,0
BRDA:45,4,1,0
BRDA:50,5,0,0
BRDA:50,5,1,0
BRDA:52,6,0,0
BRDA:52,6,1,0
BRDA:66,7,0,0
BRDA:66,7,1,0
BRDA:70,8,0,0
BRDA:70,8,1,0
BRDA:77,9,0,0
BRDA:77,9,1,0
BRF:20
BRH:0
end_of_record
TN:
SF:src\components\project\projectmenu\Menu.jsx
FN:16,(anonymous_0)
FN:24,(anonymous_1)
FN:26,(anonymous_2)
FN:30,(anonymous_3)
FN:35,(anonymous_4)
FN:53,(anonymous_5)
FNF:6
FNH:0
FNDA:0,(anonymous_0)
FNDA:0,(anonymous_1)
FNDA:0,(anonymous_2)
FNDA:0,(anonymous_3)
FNDA:0,(anonymous_4)
FNDA:0,(anonymous_5)
DA:16,4
DA:17,0
DA:18,0
DA:19,0
DA:21,0
DA:23,0
DA:25,0
DA:26,0
DA:30,0
DA:31,0
DA:32,0
DA:34,0
DA:35,0
DA:39,0
DA:53,0
DA:76,4
LF:16
LH:2
BRDA:49,0,0,0
BRDA:49,0,1,0
BRDA:49,0,2,0
BRDA:59,1,0,0
BRDA:59,1,1,0
BRDA:65,2,0,0
BRDA:65,2,1,0
BRDA:65,2,2,0
BRF:8
BRH:0
end_of_record
TN:
SF:src\components\project\trending\trendingindex\TrendingIndex.jsx
FN:14,(anonymous_0)
FN:33,(anonymous_1)
FNF:2
FNH:1
FNDA:5,(anonymous_0)
FNDA:0,(anonymous_1)
DA:14,1
DA:15,5
DA:20,4
DA:22,4
DA:34,0
LF:5
LH:4
BRDA:20,0,0,0
BRDA:20,0,1,4
BRDA:25,1,0,4
BRDA:25,1,1,4
BRDA:26,2,0,4
BRDA:26,2,1,1
BRDA:31,3,0,4
BRDA:31,3,1,0
BRF:8
BRH:6
end_of_record
TN:
SF:src\components\project\trendnumber\Number.jsx
FN:3,(anonymous_0)
FNF:1
FNH:0
FNDA:0,(anonymous_0)
DA:3,1
DA:4,0
DA:11,1
DA:17,1
LF:4
LH:3
BRF:0
BRH:0
end_of_record
TN:
SF:src\components\users\usercard\UserCard.jsx
FN:10,(anonymous_0)
FN:24,(anonymous_1)
FN:30,(anonymous_2)
FN:35,(anonymous_3)
FN:66,(anonymous_4)
FNF:5
FNH:1
FNDA:3,(anonymous_0)
FNDA:0,(anonymous_1)
FNDA:0,(anonymous_2)
FNDA:0,(anonymous_3)
FNDA:0,(anonymous_4)
DA:10,2
DA:11,3
DA:21,3
DA:23,3
DA:25,0
DA:29,3
DA:31,0
DA:35,3
DA:36,0
DA:37,0
DA:38,0
DA:39,0
DA:43,3
DA:66,0
DA:75,2
LF:15
LH:8
BRDA:13,0,0,3
BRDA:13,0,1,0
BRDA:14,1,0,3
BRDA:14,1,1,0
BRDA:15,2,0,3
BRDA:15,2,1,0
BRDA:16,3,0,3
BRDA:16,3,1,0
BRDA:17,4,0,3
BRDA:17,4,1,0
BRDA:18,5,0,3
BRDA:18,5,1,0
BRDA:36,6,0,0
BRDA:36,6,1,0
BRDA:38,7,0,0
BRDA:38,7,1,0
BRDA:50,8,0,0
BRDA:50,8,1,3
BRDA:52,9,0,0
BRDA:52,9,1,3
BRDA:64,10,0,0
BRDA:64,10,1,3
BRDA:68,11,0,0
BRDA:68,11,1,3
BRF:24
BRH:10
end_of_record
TN:
SF:src\components\users\usersList\UsersList.jsx
FN:17,(anonymous_0)
FN:21,(anonymous_1)
FN:31,(anonymous_2)
FN:44,(anonymous_3)
FN:70,(anonymous_4)
FNF:5
FNH:2
FNDA:4,(anonymous_0)
FNDA:0,(anonymous_1)
FNDA:3,(anonymous_2)
FNDA:0,(anonymous_3)
FNDA:0,(anonymous_4)
DA:17,1
DA:18,4
DA:19,3
DA:21,3
DA:22,0
DA:23,0
DA:26,3
DA:31,3
DA:32,3
DA:35,3
DA:45,0
DA:70,0
LF:12
LH:8
BRDA:53,0,0,3
BRDA:53,0,1,0
BRDA:53,0,2,0
BRDA:58,1,0,3
BRDA:58,1,1,1
BRDA:69,2,0,3
BRDA:69,2,1,0
BRF:7
BRH:4
end_of_record
TN:
SF:src\components\utils\NothingToSee\NothingToSee.jsx
FN:1,(anonymous_0)
FNF:1
FNH:1
FNDA:4,(anonymous_0)
DA:1,5
DA:2,4
LF:2
LH:2
BRF:0
BRH:0
end_of_record
TN:
SF:src\components\utils\error\ErrorPopUp.jsx
FN:9,(anonymous_0)
FN:12,(anonymous_1)
FN:16,(anonymous_2)
FNF:3
FNH:0
FNDA:0,(anonymous_0)
FNDA:0,(anonymous_1)
FNDA:0,(anonymous_2)
DA:9,7
DA:10,0
DA:12,0
DA:13,0
DA:16,0
DA:17,0
DA:18,0
DA:21,0
DA:22,0
DA:23,0
DA:24,0
DA:25,0
DA:26,0
DA:27,0
DA:28,0
DA:30,0
DA:34,0
DA:54,7
LF:18
LH:2
BRDA:21,0,0,0
BRDA:21,0,1,0
BRDA:21,1,0,0
BRDA:21,1,1,0
BRDA:23,2,0,0
BRDA:23,2,1,0
BRDA:25,3,0,0
BRDA:25,3,1,0
BRDA:27,4,0,0
BRDA:27,4,1,0
BRDA:35,5,0,0
BRDA:35,5,1,0
BRF:12
BRH:0
end_of_record
TN:
SF:src\components\utils\success\SuccessPopUp.jsx
FN:9,(anonymous_0)
FN:12,(anonymous_1)
FN:16,(anonymous_2)
FNF:3
FNH:0
FNDA:0,(anonymous_0)
FNDA:0,(anonymous_1)
FNDA:0,(anonymous_2)
DA:9,1
DA:10,0
DA:12,0
DA:13,0
DA:16,0
DA:17,0
DA:18,0
DA:22,0
DA:36,1
LF:9
LH:2
BRDA:23,0,0,0
BRDA:23,0,1,0
BRF:2
BRH:0
end_of_record
TN:
SF:src\components\utils\validation\ValidationError.jsx
FN:3,(anonymous_0)
FNF:1
FNH:1
FNDA:12,(anonymous_0)
DA:3,2
DA:4,12
DA:7,2
DA:12,2
LF:4
LH:4
BRF:0
BRH:0
end_of_record
TN:
SF:src\context\WarningContext.jsx
FN:5,(anonymous_0)
FNF:1
FNH:1
FNDA:30,(anonymous_0)
DA:3,9
DA:5,9
DA:6,30
DA:14,30
LF:4
LH:4
BRF:0
BRH:0
end_of_record
TN:
SF:src\pages\public\LogIn\LogIn.jsx
FN:14,(anonymous_0)
FN:26,(anonymous_1)
FN:37,(anonymous_2)
FN:49,(anonymous_3)
FNF:4
FNH:1
FNDA:16,(anonymous_0)
FNDA:0,(anonymous_1)
FNDA:0,(anonymous_2)
FNDA:0,(anonymous_3)
DA:14,1
DA:20,16
DA:22,16
DA:24,16
DA:26,16
DA:27,0
DA:37,0
DA:38,0
DA:39,0
DA:40,0
DA:41,0
DA:42,0
DA:43,0
DA:47,0
DA:48,0
DA:50,0
DA:51,0
DA:53,0
DA:54,0
DA:55,0
DA:56,0
DA:57,0
DA:58,0
DA:59,0
DA:63,0
DA:66,16
LF:26
LH:6
BRDA:38,0,0,0
BRDA:38,0,1,0
BRDA:40,1,0,0
BRDA:40,1,1,0
BRDA:42,2,0,0
BRDA:42,2,1,0
BRDA:68,3,0,0
BRDA:68,3,1,16
BRDA:68,4,0,16
BRDA:68,4,1,0
BRDA:106,5,0,16
BRDA:106,5,1,3
BRDA:121,6,0,16
BRDA:121,6,1,3
BRDA:124,7,0,0
BRDA:124,7,1,16
BRDA:124,8,0,16
BRDA:124,8,1,0
BRDA:124,8,2,0
BRDA:146,9,0,16
BRDA:146,9,1,0
BRF:21
BRH:9
end_of_record
TN:
SF:src\pages\public\Register\Register.jsx
FN:15,(anonymous_0)
FN:25,(anonymous_1)
FN:37,(anonymous_2)
FNF:3
FNH:1
FNDA:17,(anonymous_0)
FNDA:0,(anonymous_1)
FNDA:0,(anonymous_2)
DA:15,1
DA:21,17
DA:23,17
DA:25,17
DA:26,0
DA:35,0
DA:36,0
DA:38,0
DA:42,0
DA:46,17
LF:10
LH:5
BRDA:48,0,0,17
BRDA:48,0,1,0
BRDA:51,1,0,17
BRDA:51,1,1,0
BRDA:73,2,0,17
BRDA:73,2,1,3
BRDA:95,3,0,17
BRDA:95,3,1,3
BRDA:112,4,0,17
BRDA:112,4,1,0
BRF:10
BRH:7
end_of_record
TN:
SF:src\pages\shared\projectscareer\ProjectsCareer.jsx
FN:14,(anonymous_0)
FN:57,(anonymous_1)
FNF:2
FNH:1
FNDA:6,(anonymous_0)
FNDA:0,(anonymous_1)
DA:14,1
DA:15,6
DA:17,6
DA:22,5
DA:58,0
DA:68,1
LF:6
LH:5
BRDA:24,0,0,5
BRDA:24,0,1,0
BRDA:30,1,0,0
BRDA:30,1,1,5
BRDA:32,2,0,0
BRDA:32,2,1,5
BRDA:34,3,0,0
BRDA:34,3,1,5
BRDA:40,4,0,5
BRDA:40,4,1,5
BRDA:53,5,0,5
BRDA:53,5,1,0
BRDA:53,5,2,0
BRDA:55,6,0,5
BRDA:55,6,1,0
BRDA:55,6,2,0
BRF:16
BRH:8
end_of_record
